do run
loading script "jan_unknown400_120.py"
loading script "jan_pump_ms.py"
loading script "jan_sniffair_x2.py"
loading script "jan_pump_extraction_line.py"
testing...
no interpolation path defined
executed snippet estimated_duration=556.052928, duration=0.000210046768188
script duration name:unknown400_120 seconds:556.0
loading script "jan_unknown400_120.py"
loading script "jan_pump_ms.py"
loading script "jan_sniffair_x2.py"
loading script "jan_pump_extraction_line.py"
testing...
no interpolation path defined
executed snippet estimated_duration=0, duration=2.50339508057e-05
loading script "jan_unknown400_120.py"
loading script "jan_pump_ms.py"
loading script "jan_sniffair_x2.py"
loading script "jan_pump_extraction_line.py"
testing...
no interpolation path defined
calculate duration
testing...
no interpolation path defined
executed snippet estimated_duration=0, duration=4.79221343994e-05
calculate duration
testing...
no interpolation path defined
executed snippet estimated_duration=0, duration=9.89437103271e-05
calculate duration
testing...
no interpolation path defined
executed snippet estimated_duration=32.0, duration=8.20159912109e-05
calculate duration
testing...
no interpolation path defined
executed snippet estimated_duration=34.0, duration=8.51154327393e-05
calculate duration
testing...
no interpolation path defined
executed snippet estimated_duration=4.0, duration=5.60283660889e-05
calculate duration
testing...
no interpolation path defined
executed snippet estimated_duration=36.0, duration=7.39097595215e-05
calculate duration
testing...
no interpolation path defined
executed snippet estimated_duration=34.0, duration=8.29696655273e-05
calculate duration
testing...
no interpolation path defined
executed snippet estimated_duration=4.0, duration=5.29289245605e-05
calculate duration
testing...
no interpolation path defined
executed snippet estimated_duration=36.0, duration=0.000159978866577
calculate duration
testing...
no interpolation path defined
executed snippet estimated_duration=70.0, duration=8.58306884766e-05
executed snippet estimated_duration=250.0, duration=0.0107238292694
script duration name:sniffair_x2 seconds:250.0
loading script "jan_unknown400_120.py"
loading script "jan_pump_ms.py"
loading script "jan_sniffair_x2.py"
loading script "jan_pump_extraction_line.py"
testing...
no interpolation path defined
calculate duration
testing...
no interpolation path defined
executed snippet estimated_duration=4.0, duration=0.000141143798828
executed snippet estimated_duration=4.0, duration=0.0011100769043
Script duration 806.0
Run total estimated duration= 807.000
run duration: 0:13:27
doing event level: 2
02:19:52 -- Setting default integration. t=1.048576
setting integration time = 1.048576
SetIntegrationTime 1.048576 ===>> OK
----------------- start -----------------
**************** Experiment Type: Ar/Ar, Ar/Ar
create new session 4955096752
close session 4955096752
$$$$$ Clearing conditionals
adding conditionals 
Add queue conditionals
add default conditionals
adding default conditionals from /Users/jan/PychronDev/setupfiles/spectrometer/default_conditionals.yaml
Start automated run a-01-J-5807
loading script "jan_unknown400_120.py"
loading script "jan_pump_ms.py"
loading script "jan_sniffair_x2.py"
loading script "jan_pump_extraction_line.py"
%%%%%%%%%%%%%%%%%% setting automated run a-01-J-5807
No value "sensitivity_multiplier" in metadata
$$$$$$$$$$$$$$$ auto_save_detector_ic=False
============================= Pre Extraction Check =============================
loading queue conditionals pre_run_terminations
loading system conditionals pre_run_terminations
loading conditionals from /Users/jan/PychronDev/setupfiles/spectrometer/default_conditionals.yaml
02:19:52 -- ******* Pre Extraction Check *******
Get a measurement from the spectrometer
Pre Extraction Termination data. keys=H2,H1,AX,L1,L2,CDD, signals=-0.09656,-0.00816,-0.10917,0.00958,-0.03383,0.00251
02:19:52 -- testing system defined conditionals
Checking default pre extraction terminations n=2
testing CDD
evaluate ot="CDD.inactive" t="CDD", ctx="{'CDD': False}"
GetDeflection CDD ===>> 50
testing CDD==2000
evaluate ot="CDD.deflection==2000" t="CDD==2000", ctx="{'CDD': 50.0}"
02:19:52 -- ******* Pre Extraction Check Passed *******
=================================================================================
02:19:52 -- stopping status monitor
stop 4941681008
Status monitor stopped
Status monitor finished
02:19:54 -- starting status monitor
start 4941681008
StatusMonitor period=1. Frequencies(state=2, checksum=3, lock=5, owner=5)
start extraction
do extraction
Analysis started at 02:19:55.718046
Extraction Started jan_sniffair_x2.py
02:19:55 -- ******* Extraction Started jan_sniffair_x2.py *******
state changed from not run to extraction
DO EXTRACTION <pychron.extraction_line.pyscript_runner.RemotePyScriptRunner object at 0x129462890>
testing...
no interpolation path defined
calculate duration
testing...
no interpolation path defined
executed snippet estimated_duration=0, duration=4.79221343994e-05
calculate duration
testing...
no interpolation path defined
executed snippet estimated_duration=0, duration=0.000102043151855
calculate duration
testing...
no interpolation path defined
executed snippet estimated_duration=32.0, duration=8.29696655273e-05
calculate duration
testing...
no interpolation path defined
executed snippet estimated_duration=34.0, duration=8.9168548584e-05
calculate duration
testing...
no interpolation path defined
executed snippet estimated_duration=4.0, duration=5.69820404053e-05
calculate duration
testing...
no interpolation path defined
executed snippet estimated_duration=36.0, duration=8.29696655273e-05
calculate duration
testing...
no interpolation path defined
executed snippet estimated_duration=34.0, duration=9.29832458496e-05
calculate duration
testing...
no interpolation path defined
executed snippet estimated_duration=4.0, duration=5.60283660889e-05
calculate duration
testing...
no interpolation path defined
executed snippet estimated_duration=36.0, duration=7.89165496826e-05
calculate duration
testing...
no interpolation path defined
executed snippet estimated_duration=70.0, duration=9.08374786377e-05
executed snippet estimated_duration=250.0, duration=0.00954508781433
Jan Air Sniff Pipette x1
doing GOSUB
testing...
no interpolation path defined
executed snippet estimated_duration=0, duration=3.91006469727e-05
Waiting for minibone access
wait ('FelixMiniboneFlag', 0) {}
waiting for FelixMiniboneFlag = 0
Read FelixMiniboneFlag ===>> 0
finished waiting
Minibone free
acquire ('JanMiniboneFlag',) {'clear': True}
acquire JanMiniboneFlag
Set JanMiniboneFlag 1 ===>> OK
JanMiniboneFlag acquired
set extraction state False (0.75, 'red', 1.5)
Minibone acquired
wait ('MinibonePumpTimeFlag', 0) {}
waiting for MinibonePumpTimeFlag = 0
Read MinibonePumpTimeFlag ===>> 0
finished waiting
executed snippet estimated_duration=0, duration=0.0143871307373
WaitForMiniboneAccess.py completed successfully
gosub finished
doing GOSUB
testing...
no interpolation path defined
executed snippet estimated_duration=0, duration=0.0001220703125
Prepare for Air Shot
close () {'description': 'Jan Inlet'}
close name=--- desc=Jan Inlet
checking ownership. requestor=129.138.12.150
check software interlocks R
interlocks []
actuate state mode=None-script, software_lock=False
doing actuation None-script close_channel False
Close R ===>> OK
GetIndicatorState R ===>> False
change switch state (True, True)
update switch state R False args=() kw={} ncanvase=10
02:19:56 -- CLOSE  VALVE-R (Jan Inlet)
-------------------------- close None (Jan Inlet) result=[(True, True)]
action=close, ok=True, locked=[False]
open () {'description': 'Jan Ion Pump'}
open name=--- desc=Jan Ion Pump
checking ownership. requestor=129.138.12.150
check software interlocks O
interlocks []
actuate state mode=None-script, software_lock=False
doing actuation None-script open_channel False
Open O ===>> OK
GetIndicatorState O ===>> OK
change switch state (True, True)
update switch state O True args=() kw={} ncanvase=10
02:19:56 -- OPEN   VALVE-O (Jan Ion Pump)
-------------------------- open None (Jan Ion Pump) result=[(True, True)]
action=open, ok=True, locked=[False]
close () {'description': 'Minibone to Bone'}
close name=--- desc=Minibone to Bone
checking ownership. requestor=129.138.12.150
check software interlocks I
interlocks []
actuate state mode=None-script, software_lock=False
doing actuation None-script close_channel False
Close I ===>> OK
GetIndicatorState I ===>> False
change switch state (True, True)
update switch state I False args=() kw={} ncanvase=10
02:19:57 -- CLOSE  VALVE-I (Minibone to Bone)
-------------------------- close None (Minibone to Bone) result=[(True, True)]
action=close, ok=True, locked=[False]
close () {'description': 'Bone to Minibone'}
close name=--- desc=Bone to Minibone
checking ownership. requestor=129.138.12.150
check software interlocks E
interlocks []
actuate state mode=None-script, software_lock=False
doing actuation None-script close_channel True
Close E ===>> OK
GetIndicatorState E ===>> False
change switch state (True, True)
update switch state E False args=() kw={} ncanvase=10
02:19:57 -- CLOSE  VALVE-E (Bone to Minibone)
-------------------------- close None (Bone to Minibone) result=[(True, True)]
action=close, ok=True, locked=[False]
close () {'description': 'Minibone to Turbo'}
close name=--- desc=Minibone to Turbo
checking ownership. requestor=129.138.12.150
check software interlocks P
interlocks []
actuate state mode=None-script, software_lock=False
doing actuation None-script close_channel True
Close P ===>> OK
GetIndicatorState P ===>> False
change switch state (True, True)
update switch state P False args=() kw={} ncanvase=10
02:19:58 -- CLOSE  VALVE-P (Minibone to Turbo)
-------------------------- close None (Minibone to Turbo) result=[(True, True)]
action=close, ok=True, locked=[False]
close () {'description': 'Quad Inlet'}
close name=--- desc=Quad Inlet
checking ownership. requestor=129.138.12.150
check software interlocks Q
interlocks []
actuate state mode=None-script, software_lock=False
doing actuation None-script close_channel True
Close Q ===>> OK
set states for children of Q. state=False
handle state [('Q', False)]
update switch state Q False args=() kw={'refresh': False} ncanvase=10
refresh_canvas_needed fired
GetIndicatorState Q ===>> False
change switch state (True, True)
update switch state Q False args=() kw={} ncanvase=10
02:19:58 -- CLOSE  VALVE-Q (Quad Inlet)
-------------------------- close None (Quad Inlet) result=[(True, True)]
action=close, ok=True, locked=[False]
open () {'description': 'Microbone to Turbo'}
open name=--- desc=Microbone to Turbo
checking ownership. requestor=129.138.12.150
check software interlocks U
interlocks []
actuate state mode=None-script, software_lock=False
doing actuation None-script open_channel False
Open U ===>> OK
GetIndicatorState U ===>> OK
change switch state (True, True)
update switch state U True args=() kw={} ncanvase=10
02:19:59 -- OPEN   VALVE-U (Microbone to Turbo)
-------------------------- open None (Microbone to Turbo) result=[(True, True)]
action=open, ok=True, locked=[False]
open () {'description': 'Microbone to Inlet Pipette'}
open name=--- desc=Microbone to Inlet Pipette
checking ownership. requestor=129.138.12.150
check software interlocks S
interlocks []
actuate state mode=None-script, software_lock=False
doing actuation None-script open_channel False
Open S ===>> OK
GetIndicatorState S ===>> OK
change switch state (True, True)
update switch state S True args=() kw={} ncanvase=10
02:20:00 -- OPEN   VALVE-S (Microbone to Inlet Pipette)
-------------------------- open None (Microbone to Inlet Pipette) result=[(True, True)]
action=open, ok=True, locked=[False]
open () {'description': 'Microbone to Getter D-50'}
open name=--- desc=Microbone to Getter D-50
checking ownership. requestor=129.138.12.150
check software interlocks K
interlocks []
actuate state mode=None-script, software_lock=False
doing actuation None-script open_channel False
Open K ===>> OK
GetIndicatorState K ===>> OK
change switch state (True, True)
update switch state K True args=() kw={} ncanvase=10
02:20:00 -- OPEN   VALVE-K (Microbone to Getter D-50)
-------------------------- open None (Microbone to Getter D-50) result=[(True, True)]
action=open, ok=True, locked=[False]
open () {'description': 'Microbone to Getter NP-10'}
open name=--- desc=Microbone to Getter NP-10
checking ownership. requestor=129.138.12.150
check software interlocks M
interlocks []
actuate state mode=None-script, software_lock=False
doing actuation None-script open_channel False
Open M ===>> OK
GetIndicatorState M ===>> OK
change switch state (True, True)
update switch state M True args=() kw={} ncanvase=10
02:20:01 -- OPEN   VALVE-M (Microbone to Getter NP-10)
-------------------------- open None (Microbone to Getter NP-10) result=[(True, True)]
action=open, ok=True, locked=[False]
close () {'description': 'Microbone to CO2 Laser'}
close name=--- desc=Microbone to CO2 Laser
checking ownership. requestor=129.138.12.150
check software interlocks T
interlocks []
actuate state mode=None-script, software_lock=False
doing actuation None-script close_channel True
Close T ===>> OK
GetIndicatorState T ===>> False
change switch state (True, True)
update switch state T False args=() kw={} ncanvase=10
02:20:01 -- CLOSE  VALVE-T (Microbone to CO2 Laser)
-------------------------- close None (Microbone to CO2 Laser) result=[(True, True)]
action=close, ok=True, locked=[False]
executed snippet estimated_duration=0, duration=6.43394088745
PrepareForAirShot.py completed successfully
gosub finished
doing GOSUB
testing...
no interpolation path defined
executed snippet estimated_duration=32.0, duration=0.000167846679688
Evacuate Pipette 2
close () {'description': 'Minibone to Turbo'}
close name=--- desc=Minibone to Turbo
checking ownership. requestor=129.138.12.150
check software interlocks P
interlocks []
actuate state mode=None-script, software_lock=False
doing actuation None-script close_channel False
Close P ===>> OK
GetIndicatorState P ===>> False
change switch state (True, True)
update switch state P False args=() kw={} ncanvase=10
02:20:02 -- CLOSE  VALVE-P (Minibone to Turbo)
-------------------------- close None (Minibone to Turbo) result=[(True, True)]
action=close, ok=True, locked=[False]
open () {'description': 'Microbone to Minibone'}
open name=--- desc=Microbone to Minibone
checking ownership. requestor=129.138.12.150
check software interlocks L
interlocks []
actuate state mode=None-script, software_lock=False
doing actuation None-script open_channel True
Open L ===>> OK
set states for children of L. state=True
handle state [('L', True)]
update switch state L True args=() kw={'refresh': False} ncanvase=10
refresh_canvas_needed fired
GetIndicatorState L ===>> OK
change switch state (True, True)
update switch state L True args=() kw={} ncanvase=10
02:20:03 -- OPEN   VALVE-L (Microbone to Minibone)
-------------------------- open None (Microbone to Minibone) result=[(True, True)]
action=open, ok=True, locked=[False]
close () {'description': 'Inner Pipette 2'}
close name=--- desc=Inner Pipette 2
checking ownership. requestor=129.138.12.150
check software interlocks Z
interlocks ['Y']
actuate state mode=None-script, software_lock=False
doing actuation None-script close_channel False
Close Z ===>> OK
GetIndicatorState Z ===>> False
change switch state (True, True)
update switch state Z False args=() kw={} ncanvase=10
02:20:03 -- CLOSE  VALVE-Z (Inner Pipette 2)
-------------------------- close None (Inner Pipette 2) result=[(True, True)]
action=close, ok=True, locked=[False]
sleep (1,) {}
SLEEP 1.0
open () {'description': 'Outer Pipette 2'}
open name=--- desc=Outer Pipette 2
checking ownership. requestor=129.138.12.150
check software interlocks Y
interlocks ['Z']
actuate state mode=None-script, software_lock=False
doing actuation None-script open_channel True
Open Y ===>> OK
GetIndicatorState Y ===>> OK
change switch state (True, True)
update switch state Y True args=() kw={} ncanvase=10
02:20:05 -- OPEN   VALVE-Y (Outer Pipette 2)
-------------------------- open None (Outer Pipette 2) result=[(True, True)]
action=open, ok=True, locked=[False]
sleep (15,) {}
SLEEP 15.0
block started
WaitControl setup for 15.0  
Join finished
block finished. duration 15.0565638542
executed snippet estimated_duration=48.0, duration=18.1570658684
EvacPipette2.py completed successfully
gosub finished
doing GOSUB
testing...
no interpolation path defined
executed snippet estimated_duration=34.0, duration=0.000236988067627
Fill Pipette 2
close () {'description': 'Outer Pipette 2'}
close name=--- desc=Outer Pipette 2
checking ownership. requestor=129.138.12.150
check software interlocks Y
interlocks ['Z']
actuate state mode=None-script, software_lock=False
doing actuation None-script close_channel True
Close Y ===>> OK
GetIndicatorState Y ===>> False
change switch state (True, True)
update switch state Y False args=() kw={} ncanvase=10
02:20:20 -- CLOSE  VALVE-Y (Outer Pipette 2)
-------------------------- close None (Outer Pipette 2) result=[(True, True)]
action=close, ok=True, locked=[False]
sleep (1,) {}
SLEEP 1.0
filling air pipette
open () {'description': 'Inner Pipette 2'}
open name=--- desc=Inner Pipette 2
checking ownership. requestor=129.138.12.150
check software interlocks Z
interlocks ['Y']
actuate state mode=None-script, software_lock=False
doing actuation None-script open_channel True
Open Z ===>> OK
GetIndicatorState Z ===>> OK
change switch state (True, True)
update switch state Z True args=() kw={} ncanvase=10
02:20:21 -- OPEN   VALVE-Z (Inner Pipette 2)
-------------------------- open None (Inner Pipette 2) result=[(True, True)]
action=open, ok=True, locked=[False]
sleep (15,) {}
SLEEP 15.0
block started
WaitControl setup for 15.0  
Join finished
block finished. duration 15.082215786
close () {'description': 'Inner Pipette 2'}
close name=--- desc=Inner Pipette 2
checking ownership. requestor=129.138.12.150
check software interlocks Z
interlocks ['Y']
actuate state mode=None-script, software_lock=False
doing actuation None-script close_channel True
Close Z ===>> OK
set states for children of Z. state=False
handle state [('Z', False)]
update switch state Z False args=() kw={'refresh': False} ncanvase=10
GetIndicatorState Z ===>> False
change switch state (True, True)
refresh_canvas_needed fired
update switch state Z False args=() kw={} ncanvase=10
02:20:37 -- CLOSE  VALVE-Z (Inner Pipette 2)
-------------------------- close None (Inner Pipette 2) result=[(True, True)]
action=close, ok=True, locked=[False]
sleep (1,) {}
SLEEP 1.0
executed snippet estimated_duration=51.0, duration=18.388725996
FillPipette2.py completed successfully
gosub finished
doing GOSUB
testing...
no interpolation path defined
executed snippet estimated_duration=4.0, duration=0.000128030776978
Prepare for air expansion
close () {'description': 'Microbone to Turbo'}
close name=--- desc=Microbone to Turbo
checking ownership. requestor=129.138.12.150
check software interlocks U
interlocks []
actuate state mode=None-script, software_lock=False
doing actuation None-script close_channel True
Close U ===>> OK
GetIndicatorState U ===>> False
change switch state (True, True)
update switch state U False args=() kw={} ncanvase=10
02:20:38 -- CLOSE  VALVE-U (Microbone to Turbo)
-------------------------- close None (Microbone to Turbo) result=[(True, True)]
action=close, ok=True, locked=[False]
open () {'description': 'Microbone to Getter NP-10'}
open name=--- desc=Microbone to Getter NP-10
checking ownership. requestor=129.138.12.150
check software interlocks M
interlocks []
actuate state mode=None-script, software_lock=False
doing actuation None-script open_channel False
Open M ===>> OK
GetIndicatorState M ===>> OK
change switch state (True, True)
update switch state M True args=() kw={} ncanvase=10
02:20:39 -- OPEN   VALVE-M (Microbone to Getter NP-10)
-------------------------- open None (Microbone to Getter NP-10) result=[(True, True)]
action=open, ok=True, locked=[False]
sleep (2,) {}
SLEEP 2.0
block started
WaitControl setup for 2.0  
Join finished
block finished. duration 2.03702712059
open () {'description': 'Microbone to Minibone'}
open name=--- desc=Microbone to Minibone
checking ownership. requestor=129.138.12.150
check software interlocks L
interlocks []
actuate state mode=None-script, software_lock=False
doing actuation None-script open_channel False
Open L ===>> OK
GetIndicatorState L ===>> OK
change switch state (True, True)
update switch state L True args=() kw={} ncanvase=10
02:20:42 -- OPEN   VALVE-L (Microbone to Minibone)
-------------------------- open None (Microbone to Minibone) result=[(True, True)]
action=open, ok=True, locked=[False]
executed snippet estimated_duration=6.0, duration=3.53090000153
PrepareForAirShotExpansion.py completed successfully
gosub finished
doing GOSUB
testing...
no interpolation path defined
executed snippet estimated_duration=36.0, duration=0.000204086303711
Expand Pipette 2
close () {'description': 'Minibone to Turbo'}
close name=--- desc=Minibone to Turbo
checking ownership. requestor=129.138.12.150
check software interlocks P
interlocks []
actuate state mode=None-script, software_lock=False
doing actuation None-script close_channel False
Close P ===>> OK
GetIndicatorState P ===>> False
change switch state (True, True)
update switch state P False args=() kw={} ncanvase=10
02:20:42 -- CLOSE  VALVE-P (Minibone to Turbo)
-------------------------- close None (Minibone to Turbo) result=[(True, True)]
action=close, ok=True, locked=[False]
sleep (2,) {}
SLEEP 2.0
block started
WaitControl setup for 2.0  
Join finished
block finished. duration 2.01580691338
open () {'description': 'Outer Pipette 2'}
open name=--- desc=Outer Pipette 2
checking ownership. requestor=129.138.12.150
check software interlocks Y
interlocks ['Z']
actuate state mode=None-script, software_lock=False
doing actuation None-script open_channel True
Open Y ===>> OK
GetIndicatorState Y ===>> OK
increment shot count 3392
saved current shot count 3392
change switch state (True, True)
update switch state Y True args=() kw={} ncanvase=10
02:20:45 -- OPEN   VALVE-Y (Outer Pipette 2)
-------------------------- open None (Outer Pipette 2) result=[(True, True)]
action=open, ok=True, locked=[False]
sleep (15,) {}
SLEEP 15.0
block started
WaitControl setup for 15.0  
Join finished
block finished. duration 15.0983037949
sleep (1,) {}
SLEEP 1.0
executed snippet estimated_duration=54.0, duration=19.1217918396
ExpandPipette2.py completed successfully
gosub finished
doing GOSUB
testing...
no interpolation path defined
executed snippet estimated_duration=34.0, duration=0.000160932540894
Fill Pipette 2
close () {'description': 'Outer Pipette 2'}
close name=--- desc=Outer Pipette 2
checking ownership. requestor=129.138.12.150
check software interlocks Y
interlocks ['Z']
actuate state mode=None-script, software_lock=False
doing actuation None-script close_channel True
Close Y ===>> OK
GetIndicatorState Y ===>> False
change switch state (True, True)
update switch state Y False args=() kw={} ncanvase=10
02:21:01 -- CLOSE  VALVE-Y (Outer Pipette 2)
-------------------------- close None (Outer Pipette 2) result=[(True, True)]
action=close, ok=True, locked=[False]
sleep (1,) {}
SLEEP 1.0
filling air pipette
open () {'description': 'Inner Pipette 2'}
open name=--- desc=Inner Pipette 2
checking ownership. requestor=129.138.12.150
check software interlocks Z
interlocks ['Y']
actuate state mode=None-script, software_lock=False
doing actuation None-script open_channel True
Open Z ===>> OK
GetIndicatorState Z ===>> OK
change switch state (True, True)
update switch state Z True args=() kw={} ncanvase=10
02:21:02 -- OPEN   VALVE-Z (Inner Pipette 2)
-------------------------- open None (Inner Pipette 2) result=[(True, True)]
action=open, ok=True, locked=[False]
sleep (15,) {}
SLEEP 15.0
block started
WaitControl setup for 15.0  
Join finished
block finished. duration 15.0600779057
close () {'description': 'Inner Pipette 2'}
close name=--- desc=Inner Pipette 2
checking ownership. requestor=129.138.12.150
check software interlocks Z
interlocks ['Y']
actuate state mode=None-script, software_lock=False
doing actuation None-script close_channel True
Close Z ===>> OK
GetIndicatorState Z ===>> False
change switch state (True, True)
update switch state Z False args=() kw={} ncanvase=10
02:21:18 -- CLOSE  VALVE-Z (Inner Pipette 2)
-------------------------- close None (Inner Pipette 2) result=[(True, True)]
action=close, ok=True, locked=[False]
sleep (1,) {}
SLEEP 1.0
executed snippet estimated_duration=51.0, duration=18.2637491226
FillPipette2.py completed successfully
gosub finished
doing GOSUB
testing...
no interpolation path defined
executed snippet estimated_duration=4.0, duration=7.31945037842e-05
Prepare for air expansion
close () {'description': 'Microbone to Turbo'}
close name=--- desc=Microbone to Turbo
checking ownership. requestor=129.138.12.150
check software interlocks U
interlocks []
actuate state mode=None-script, software_lock=False
doing actuation None-script close_channel False
Close U ===>> OK
GetIndicatorState U ===>> False
change switch state (True, True)
update switch state U False args=() kw={} ncanvase=10
02:21:19 -- CLOSE  VALVE-U (Microbone to Turbo)
-------------------------- close None (Microbone to Turbo) result=[(True, True)]
action=close, ok=True, locked=[False]
open () {'description': 'Microbone to Getter NP-10'}
open name=--- desc=Microbone to Getter NP-10
checking ownership. requestor=129.138.12.150
check software interlocks M
interlocks []
actuate state mode=None-script, software_lock=False
doing actuation None-script open_channel False
Open M ===>> OK
GetIndicatorState M ===>> OK
change switch state (True, True)
update switch state M True args=() kw={} ncanvase=10
02:21:20 -- OPEN   VALVE-M (Microbone to Getter NP-10)
-------------------------- open None (Microbone to Getter NP-10) result=[(True, True)]
action=open, ok=True, locked=[False]
sleep (2,) {}
SLEEP 2.0
block started
WaitControl setup for 2.0  
Join finished
block finished. duration 2.01526713371
open () {'description': 'Microbone to Minibone'}
open name=--- desc=Microbone to Minibone
checking ownership. requestor=129.138.12.150
check software interlocks L
interlocks []
actuate state mode=None-script, software_lock=False
doing actuation None-script open_channel False
Open L ===>> OK
GetIndicatorState L ===>> OK
change switch state (True, True)
update switch state L True args=() kw={} ncanvase=10
02:21:22 -- OPEN   VALVE-L (Microbone to Minibone)
-------------------------- open None (Microbone to Minibone) result=[(True, True)]
action=open, ok=True, locked=[False]
executed snippet estimated_duration=6.0, duration=3.49949407578
PrepareForAirShotExpansion.py completed successfully
gosub finished
doing GOSUB
testing...
no interpolation path defined
executed snippet estimated_duration=36.0, duration=0.00018310546875
Expand Pipette 2
close () {'description': 'Minibone to Turbo'}
close name=--- desc=Minibone to Turbo
checking ownership. requestor=129.138.12.150
check software interlocks P
interlocks []
actuate state mode=None-script, software_lock=False
doing actuation None-script close_channel False
Close P ===>> OK
GetIndicatorState P ===>> False
change switch state (True, True)
update switch state P False args=() kw={} ncanvase=10
02:21:23 -- CLOSE  VALVE-P (Minibone to Turbo)
-------------------------- close None (Minibone to Turbo) result=[(True, True)]
action=close, ok=True, locked=[False]
sleep (2,) {}
SLEEP 2.0
block started
WaitControl setup for 2.0  
Join finished
block finished. duration 2.02063512802
open () {'description': 'Outer Pipette 2'}
open name=--- desc=Outer Pipette 2
checking ownership. requestor=129.138.12.150
check software interlocks Y
interlocks ['Z']
actuate state mode=None-script, software_lock=False
doing actuation None-script open_channel True
Open Y ===>> OK
GetIndicatorState Y ===>> OK
increment shot count 3393
saved current shot count 3393
change switch state (True, True)
update switch state Y True args=() kw={} ncanvase=10
02:21:25 -- OPEN   VALVE-Y (Outer Pipette 2)
-------------------------- open None (Outer Pipette 2) result=[(True, True)]
action=open, ok=True, locked=[False]
sleep (15,) {}
SLEEP 15.0
block started
WaitControl setup for 15.0  
Join finished
block finished. duration 15.0641539097
sleep (1,) {}
SLEEP 1.0
executed snippet estimated_duration=54.0, duration=19.0001981258
ExpandPipette2.py completed successfully
gosub finished
doing GOSUB
testing...
no interpolation path defined
executed snippet estimated_duration=70.0, duration=0.000133037567139
Expand Pipette 2
close () {'description': 'Minibone to Turbo'}
close name=--- desc=Minibone to Turbo
checking ownership. requestor=129.138.12.150
check software interlocks P
interlocks []
actuate state mode=None-script, software_lock=False
doing actuation None-script close_channel False
Close P ===>> OK
GetIndicatorState P ===>> False
change switch state (True, True)
update switch state P False args=() kw={} ncanvase=10
02:21:42 -- CLOSE  VALVE-P (Minibone to Turbo)
-------------------------- close None (Minibone to Turbo) result=[(True, True)]
action=close, ok=True, locked=[False]
sleep (2,) {}
SLEEP 2.0
block started
WaitControl setup for 2.0  
Join finished
block finished. duration 2.02638101578
open () {'description': 'Outer Pipette 2'}
open name=--- desc=Outer Pipette 2
checking ownership. requestor=129.138.12.150
check software interlocks Y
interlocks ['Z']
actuate state mode=None-script, software_lock=False
doing actuation None-script open_channel False
Open Y ===>> OK
GetIndicatorState Y ===>> OK
change switch state (True, True)
update switch state Y True args=() kw={} ncanvase=10
02:21:44 -- OPEN   VALVE-Y (Outer Pipette 2)
-------------------------- open None (Outer Pipette 2) result=[(True, True)]
action=open, ok=True, locked=[False]
sleep (30,) {}
SLEEP 30.0
block started
WaitControl setup for 30.0  
Join finished
block finished. duration 30.1420361996
close ('S',) {}
close name=S desc=---
checking ownership. requestor=129.138.12.150
check software interlocks S
interlocks []
actuate state mode=None-script, software_lock=False
doing actuation None-script close_channel True
Close S ===>> OK
set states for children of S. state=False
handle state [('S', False)]
update switch state S False args=() kw={'refresh': False} ncanvase=10
GetIndicatorState S ===>> False
change switch state (True, True)
update switch state S False args=() kw={} ncanvase=10
02:22:16 -- CLOSE  VALVE-S (Microbone to Inlet Pipette)
-------------------------- close S () result=[(True, True)]
refresh_canvas_needed fired
action=close, ok=True, locked=[False]
sleep (3,) {}
SLEEP 3.0
block started
WaitControl setup for 3.0  
Join finished
block finished. duration 3.01902413368
executed snippet estimated_duration=105.0, duration=37.2780659199
SniffPipette2.py completed successfully
gosub finished
executed snippet estimated_duration=250.0, duration=143.725374222
jan_sniffair_x2.py completed successfully
no extraction action
Requested Output= 0.000
Achieved Output=  0.000
no extraction action
no extraction action
no extraction action
no extraction action
persistence save...
persistence save - db
AutomatedRunPersister post_extraction_save deprecated
persistence save - dvc
no extraction position for 
Extraction Finished
02:22:19 -- ******* Extraction Finished *******
no overlap. not waiting for min ms pumptime
02:22:19 -- Sending spectrometer configuration
======== Sending configuration ========
SetDeflection CDD,50.0 ===>> OK
SetDeflection H2,0.0 ===>> OK
SetDeflection H1,0.0 ===>> OK
SetDeflection L2,825.0 ===>> OK
SetDeflection L1,400.0 ===>> OK
SetDeflection AX,190.0 ===>> OK
SetZFocus 74.64 ===>> OK
SetZSymmetry -50.72 ===>> OK
SetExtractionLens 26.13 ===>> OK
SetIonRepeller -3.81 ===>> OK
SetElectronEnergy 75.08 ===>> OK
SetYSymmetry -2.81 ===>> OK
SetIonCounterVoltage 1590.0 ===>> OK
send trap current 200.0
GetParameter Trap Current Readback ===>> 198.147042666178
SetParameter Trap Current Set,200.0 ===>> OK
updating mftable name mftable
Using mftable located at /Users/jan/PychronDev/setupfiles/spectrometer/mftables/mftable.csv
============ MFtable ===========
Isotope  H2     H1     AX     L1     L2     CDD    
Ar40     6.0551 5.8785 5.9921 6.1936 6.2300 6.6789
Ar39     6.0100 5.7694 6.0562 6.3367 6.1127 6.5654
Ar36     5.6875 5.4384 5.7195 5.9956 5.7677 6.2165
================================
get initial guess parabolic
get initial guess parabolic
get initial guess parabolic
get initial guess parabolic
get initial guess parabolic
get initial guess parabolic
======== Configuration Finished ========
GetYSymmetry ===>> -2.81
GetZSymmetry ===>> -50.72
GetParameter Trap Current Readback ===>> 198.147042666178
GetHighVoltage ===>> 4499.94659342336
start measurement
do measurement
L#=a-01-J analysis type=air
Measurement Started jan_unknown400_120.py
02:22:19 -- ******* Measurement Started jan_unknown400_120.py *******
state changed from extraction to measurement
setting trap, emission, spec, defl, and gains
GetExtractionLens ===>> 26.13
GetYSymmetry ===>> -2.81
GetZSymmetry ===>> -50.72
GetZFocus ===>> 74.64
GetDeflection H2 ===>> 0
GetDeflection H1 ===>> 0
GetDeflection AX ===>> 190
GetDeflection L1 ===>> 400
GetDeflection L2 ===>> 825
GetDeflection CDD ===>> 50
GetGain H2 ===>> 0.0113
GetGain H1 ===>> 0.1
GetGain AX ===>> 0.09645
GetGain L1 ===>> 0.0102
GetGain L2 ===>> 0.095649
GetGain CDD ===>> 0
GetParameter Trap Current Readback ===>> 197.811389855338
GetParameter Source Current Readback ===>> 553.753036684368
pre measurement save
New frame /Users/jan/PychronDev/data/isotopes/57/185d1d-ace8-46db-ae4e-0d17ef338d9d.h5
flush and close file /Users/jan/PychronDev/data/isotopes/57/185d1d-ace8-46db-ae4e-0d17ef338d9d.h5
testing...
no interpolation path defined
executed snippet estimated_duration=564.372928, duration=0.000146150588989
unknown measurement script
activate_detectors ('H2', 'H1', 'AX', 'L1', 'L2', 'CDD') {}
activate detectors
*************** Set Analysis View Ar/Ar
create graphs
clearing graphs
clear isotope group
setting isotope det=H2, iso=Ar41
setting isotope det=H1, iso=Ar40
setting isotope det=AX, iso=Ar39
setting isotope det=L1, iso=Ar38
setting isotope det=L2, iso=Ar37
setting isotope det=CDD, iso=Ar36
setting previous blanks
 - setting Ar41 blank 0.0095+/-0.0035
 - setting Ar40 blank 0.168+/-0.007
 - setting Ar36 blank 0.00330+/-0.00016
 - setting Ar37 blank 0.057+/-0.005
 - setting Ar38 blank 0.0538+/-0.0021
 - setting Ar39 blank 0.030+/-0.008
load analysis view
position_magnet ('Ar40',) {'detector': 'H1'}
detector Detector(H1)
POSITION Ar40 H1
setting detector H2 to Ar41 (40.9624)
setting detector H1 to Ar40 (39.9624)
setting detector AX to Ar39 (38.9624)
setting detector L1 to Ar38 (37.9624)
setting detector L2 to Ar37 (36.9624)
setting detector CDD to Ar36 (35.9624)
Mapping mass to dac mass func: "parabolic"
H1 map mass coeffs = [ -3.11428344e-04   1.33794662e-01   1.02907323e+00]
H1 map mass to dac 39.9624 >> 5.87848
GetDeflection H1 ===>> 0
GetHighVoltage ===>> 4499.94659342336
positioning Ar40 (5.87844538218) on H1
setting magnet DAC
current  : 5.878445
requested: 5.878445
Delta Dac: 0.000000
Checking detector protection. dv=0.00000
Checking detector "CDD". Protection Threshold: 0.5 (V)
SetMagnetDAC 5.87844538218 ===>> OK
Magnet settling time: 0.500 0.500
Magnet settling complete
set_dac. change=True
update labels <pychron.experiment.plot_panel.PlotPanel object at 0x15a070230>
update labels "<pychron.graph.stacked_regression_graph.StackedRegressionGraph object at 0x15728cfb0>"
setting label 0 H2 Ar41
setting label 1 H1 Ar40
setting label 2 AX Ar39
setting label 3 L1 Ar38
setting label 4 L2 Ar37
setting label 5 CDD Ar36
update labels "<pychron.graph.stacked_graph.StackedGraph object at 0x15e1e26b0>"
setting label 0 H2 Ar41
setting label 1 H1 Ar40
setting label 2 AX Ar39
setting label 3 L1 Ar38
setting label 4 L2 Ar37
equilibrate () {'delay': 3, 'inlet': 'R', 'outlet': 'O', 'eqtime': 8.0}
setting label 5 CDD Ar36
Equilibration Started
02:22:20 -- ******* Equilibration Started *******
checking ownership. requestor=129.138.12.150
check software interlocks O
interlocks []
actuate state mode=None-script, software_lock=False
doing actuation None-script close_channel True
Close O ===>> OK
GetIndicatorState O ===>> False
change switch state (True, True)
update switch state O False args=() kw={} ncanvase=10
02:22:20 -- CLOSE  VALVE-O (Jan Ion Pump)
waiting 3s before opening inlet value ('R',)
checking ownership. requestor=129.138.12.150
check software interlocks R
interlocks []
actuate state mode=None-script, software_lock=False
doing actuation None-script open_channel True
Open R ===>> OK
set states for children of R. state=True
handle state [('R', True)]
update switch state R True args=() kw={'refresh': False} ncanvase=10
refresh_canvas_needed fired
GetIndicatorState R ===>> OK
change switch state (True, True)
update switch state R True args=() kw={} ncanvase=10
02:22:24 -- OPEN   VALVE-R (Jan Inlet)
set_time_zero () {}
equilibrating for 8.0sec
sniff (8.0,) {}
py_sniff
build tables- sniff [Detector(H2), Detector(H1), Detector(AX), Detector(L1), Detector(L2), Detector(CDD)]
add group /sniff/Ar41 (Group) '' table H2
add group /sniff/Ar40 (Group) '' table H1
add group /sniff/Ar39 (Group) '' table AX
add group /sniff/Ar38 (Group) '' table L1
add group /sniff/Ar37 (Group) '' table L2
add group /sniff/Ar36 (Group) '' table CDD
flush and close file /Users/jan/PychronDev/data/isotopes/57/185d1d-ace8-46db-ae4e-0d17ef338d9d.h5
measuring sniff. ncounts=8.0
"sniff" increment series count="1" fit count="0" regressing="False"
starting measurement
Equilibration Finished
02:22:32 -- ******* Equilibration Finished *******
checking ownership. requestor=129.138.12.150
check software interlocks R
interlocks []
actuate state mode=None-script, software_lock=False
doing actuation None-script close_channel True
Close R ===>> OK
GetIndicatorState R ===>> False
change switch state (True, True)
update switch state R False args=() kw={} ncanvase=10
02:22:33 -- CLOSE  VALVE-R (Jan Inlet)
Post Equilibration Started jan_pump_extraction_line.py
02:22:33 -- ******* Post Equilibration Started jan_pump_extraction_line.py *******
testing...
no interpolation path defined
calculate duration
testing...
no interpolation path defined
executed snippet estimated_duration=4.0, duration=0.000144958496094
executed snippet estimated_duration=4.0, duration=0.00124216079712
Pump after analysis
doing GOSUB
testing...
no interpolation path defined
executed snippet estimated_duration=4.0, duration=0.000132083892822
Pump Microbone
close () {'description': 'Jan Inlet'}
close name=--- desc=Jan Inlet
checking ownership. requestor=129.138.12.150
check software interlocks R
interlocks []
actuate state mode=None-script, software_lock=False
doing actuation None-script close_channel False
waiting for write to finish
measurement finished
estimated time: 8.389 actual time: :8.519
flush and close file /Users/jan/PychronDev/data/isotopes/57/185d1d-ace8-46db-ae4e-0d17ef338d9d.h5
set_fits () {}
using default fits file=/Users/jan/PychronDev/scripts/measurement/fits/nominal.yaml
set "Ar41" to "('linear', 'SEM')"
set "Ar40" to "('Parabolic', 'SEM')"
set "Ar36" to "('Parabolic', 'SEM')"
set "Ar37" to "('linear', 'SEM')"
set "Ar38" to "('linear', 'SEM')"
set "Ar39" to "('Parabolic', 'SEM')"
set_baseline_fits () {}
using default fits file=/Users/jan/PychronDev/scripts/measurement/fits/nominal.yaml
set "H2" to "('average', 'SEM')"
set "H1" to "('average', 'SEM')"
set "CDD" to "('average', 'SEM')"
set "L2" to "('average', 'SEM')"
set "L1" to "('average', 'SEM')"
set "AX" to "('average', 'SEM')"
multicollect () {'integration_time': 1, 'ncounts': 400}
build tables- signal [Detector(H2), Detector(H1), Detector(AX), Detector(L1), Detector(L2), Detector(CDD)]
add group /signal/Ar41 (Group) '' table H2
add group /signal/Ar40 (Group) '' table H1
add group /signal/Ar39 (Group) '' table AX
add group /signal/Ar38 (Group) '' table L1
add group /signal/Ar37 (Group) '' table L2
add group /signal/Ar36 (Group) '' table CDD
flush and close file /Users/jan/PychronDev/data/isotopes/57/185d1d-ace8-46db-ae4e-0d17ef338d9d.h5
measuring signal. ncounts=400
Close R ===>> OK
GetIndicatorState R ===>> False
change switch state (True, True)
update switch state R False args=() kw={} ncanvase=10
02:22:33 -- CLOSE  VALVE-R (Jan Inlet)
-------------------------- close None (Jan Inlet) result=[(True, True)]
"signal" increment series count="2" fit count="1" regressing="True"
action=close, ok=True, locked=[False]
is_closed ('F',) {}
is F () closed?
is closed True
open () {'description': 'CO2 Laser to Jan'}
open name=--- desc=CO2 Laser to Jan
checking ownership. requestor=129.138.12.150
check software interlocks A
interlocks []
actuate state mode=None-script, software_lock=False
doing actuation None-script open_channel False
Open A ===>> OK
starting measurement
GetIndicatorState A ===>> OK
change switch state (True, True)
update switch state A True args=() kw={} ncanvase=10
02:22:34 -- OPEN   VALVE-A (CO2 Laser to Jan)
-------------------------- open None (CO2 Laser to Jan) result=[(True, True)]
action=open, ok=True, locked=[False]
sleep (1,) {}
SLEEP 1.0
close () {'description': 'CO2 Laser to Roughing'}
close name=--- desc=CO2 Laser to Roughing
checking ownership. requestor=129.138.12.150
check software interlocks G
interlocks []
actuate state mode=None-script, software_lock=True
VALVE-G(CO2 Laser to Roughing) software locked
change switch state (True, False)
-------------------------- close None (CO2 Laser to Roughing) result=[(True, False)]
action=close, ok=True, locked=[True]
open () {'description': 'Microbone to Turbo'}
open name=--- desc=Microbone to Turbo
checking ownership. requestor=129.138.12.150
check software interlocks U
interlocks []
actuate state mode=None-script, software_lock=False
doing actuation None-script open_channel True
Open U ===>> OK
GetIndicatorState U ===>> OK
change switch state (True, True)
update switch state U True args=() kw={} ncanvase=10
02:22:35 -- OPEN   VALVE-U (Microbone to Turbo)
-------------------------- open None (Microbone to Turbo) result=[(True, True)]
action=open, ok=True, locked=[False]
open () {'description': 'Microbone to Getter NP-10'}
open name=--- desc=Microbone to Getter NP-10
checking ownership. requestor=129.138.12.150
check software interlocks M
interlocks []
actuate state mode=None-script, software_lock=False
doing actuation None-script open_channel False
Open M ===>> OK
GetIndicatorState M ===>> OK
change switch state (True, True)
update switch state M True args=() kw={} ncanvase=10
02:22:36 -- OPEN   VALVE-M (Microbone to Getter NP-10)
-------------------------- open None (Microbone to Getter NP-10) result=[(True, True)]
action=open, ok=True, locked=[False]
open () {'description': 'Microbone to Getter D-50'}
open name=--- desc=Microbone to Getter D-50
checking ownership. requestor=129.138.12.150
check software interlocks K
interlocks []
actuate state mode=None-script, software_lock=False
doing actuation None-script open_channel False
Open K ===>> OK
GetIndicatorState K ===>> OK
change switch state (True, True)
update switch state K True args=() kw={} ncanvase=10
02:22:36 -- OPEN   VALVE-K (Microbone to Getter D-50)
-------------------------- open None (Microbone to Getter D-50) result=[(True, True)]
action=open, ok=True, locked=[False]
open () {'description': 'Microbone to CO2 Laser'}
open name=--- desc=Microbone to CO2 Laser
checking ownership. requestor=129.138.12.150
check software interlocks T
interlocks []
actuate state mode=None-script, software_lock=False
doing actuation None-script open_channel True
Open T ===>> OK
GetIndicatorState T ===>> OK
change switch state (True, True)
update switch state T True args=() kw={} ncanvase=10
02:22:37 -- OPEN   VALVE-T (Microbone to CO2 Laser)
-------------------------- open None (Microbone to CO2 Laser) result=[(True, True)]
action=open, ok=True, locked=[False]
open () {'description': 'Microbone to Inlet Pipette'}
open name=--- desc=Microbone to Inlet Pipette
checking ownership. requestor=129.138.12.150
check software interlocks S
interlocks []
actuate state mode=None-script, software_lock=False
doing actuation None-script open_channel True
Open S ===>> OK
testing H1<-5.0
evaluate ot="H1.bs<-5.0" t="H1<-5.0", ctx="{'H1': 0.0792532870369871}"
GetIndicatorState S ===>> OK
change switch state (True, True)
update switch state S True args=() kw={} ncanvase=10
02:22:38 -- OPEN   VALVE-S (Microbone to Inlet Pipette)
-------------------------- open None (Microbone to Inlet Pipette) result=[(True, True)]
action=open, ok=True, locked=[False]
sleep (1,) {}
SLEEP 1.0
set_resource () {'name': 'CO2PumpTimeFlag', 'value': 30}
Set CO2PumpTimeFlag 30 ===>> OK
release ('JanCO2Flag',) {}
release JanCO2Flag
Set JanCO2Flag 0 ===>> OK
executed snippet estimated_duration=6.0, duration=6.48135280609
PumpMicrobone.py completed successfully
gosub finished
get_resource_value () {'name': 'JanMiniboneFlag'}
Read JanMiniboneFlag ===>> 1
Get Resource Value JanMiniboneFlag=1.0
get resource value 1.0
get_resource_value () {'name': 'JanMiniboneFlag'}
Read JanMiniboneFlag ===>> 1
Get Resource Value JanMiniboneFlag=1.0
doing GOSUB
testing...
no interpolation path defined
executed snippet estimated_duration=0, duration=0.000103950500488
Entering Pump minibone script
get_resource_value () {'name': 'JanMiniboneFlag'}
Read JanMiniboneFlag ===>> 1
Get Resource Value JanMiniboneFlag=1.0
get resource value 1.0
get_resource_value () {'name': 'JanMiniboneFlag'}
Read JanMiniboneFlag ===>> 1
Get Resource Value JanMiniboneFlag=1.0
Pump minibone
close () {'description': 'Bone to Minibone'}
close name=--- desc=Bone to Minibone
checking ownership. requestor=129.138.12.150
check software interlocks E
interlocks []
actuate state mode=None-script, software_lock=False
doing actuation None-script close_channel False
Close E ===>> OK
GetIndicatorState E ===>> False
change switch state (True, True)
update switch state E False args=() kw={} ncanvase=10
02:22:40 -- CLOSE  VALVE-E (Bone to Minibone)
-------------------------- close None (Bone to Minibone) result=[(True, True)]
action=close, ok=True, locked=[False]
open () {'description': 'Minibone to Bone'}
open name=--- desc=Minibone to Bone
checking ownership. requestor=129.138.12.150
check software interlocks I
interlocks []
actuate state mode=None-script, software_lock=False
doing actuation None-script open_channel True
Open I ===>> OK
set states for children of I. state=True
handle state [('I', True)]
update switch state I True args=() kw={'refresh': False} ncanvase=10
GetIndicatorState I ===>> OK
change switch state (True, True)
update switch state I True args=() kw={} ncanvase=10
refresh_canvas_needed fired
02:22:40 -- OPEN   VALVE-I (Minibone to Bone)
-------------------------- open None (Minibone to Bone) result=[(True, True)]
action=open, ok=True, locked=[False]
close () {'description': 'Microbone to Minibone'}
close name=--- desc=Microbone to Minibone
checking ownership. requestor=129.138.12.150
check software interlocks L
interlocks []
actuate state mode=None-script, software_lock=False
doing actuation None-script close_channel True
Close L ===>> OK
GetIndicatorState L ===>> False
change switch state (True, True)
update switch state L False args=() kw={} ncanvase=10
02:22:41 -- CLOSE  VALVE-L (Microbone to Minibone)
-------------------------- close None (Microbone to Minibone) result=[(True, True)]
action=close, ok=True, locked=[False]
sleep () {'duration': 1.0}
SLEEP 1.0
open () {'description': 'Minibone to Turbo'}
open name=--- desc=Minibone to Turbo
checking ownership. requestor=129.138.12.150
check software interlocks P
interlocks []
actuate state mode=None-script, software_lock=False
doing actuation None-script open_channel True
Open P ===>> OK
GetIndicatorState P ===>> OK
change switch state (True, True)
update switch state P True args=() kw={} ncanvase=10
02:22:43 -- OPEN   VALVE-P (Minibone to Turbo)
-------------------------- open None (Minibone to Turbo) result=[(True, True)]
testing H1<-5.0
evaluate ot="H1.bs<-5.0" t="H1<-5.0", ctx="{'H1': 0.0792532870369871}"
action=open, ok=True, locked=[False]
open () {'description': 'Quad Inlet'}
open name=--- desc=Quad Inlet
checking ownership. requestor=129.138.12.150
check software interlocks Q
interlocks []
actuate state mode=None-script, software_lock=False
doing actuation None-script open_channel True
Open Q ===>> OK
GetIndicatorState Q ===>> OK
change switch state (True, True)
update switch state Q True args=() kw={} ncanvase=10
State checksums do not match. Local:-910877607 Remote:454429346
State checksum failed
02:22:43 -- OPEN   VALVE-Q (Quad Inlet)
-------------------------- open None (Quad Inlet) result=[(True, True)]
action=open, ok=True, locked=[False]
set_resource () {'name': 'MinibonePumpTimeFlag', 'value': 30}
Set MinibonePumpTimeFlag 30 ===>> OK
sleep () {'duration': 15.0}
SLEEP 15.0
block started
WaitControl setup for 15.0  
testing H1<-5.0
evaluate ot="H1.bs<-5.0" t="H1<-5.0", ctx="{'H1': 0.0792532870369871}"
testing H1<-5.0
evaluate ot="H1.bs<-5.0" t="H1<-5.0", ctx="{'H1': 0.0792532870369871}"
Join finished
block finished. duration 15.0882389545
close () {'description': 'Outer Pipette 1'}
close name=--- desc=Outer Pipette 1
checking ownership. requestor=129.138.12.150
check software interlocks W
interlocks ['X']
actuate state mode=None-script, software_lock=False
doing actuation None-script close_channel False
Close W ===>> OK
testing H1<-5.0
evaluate ot="H1.bs<-5.0" t="H1<-5.0", ctx="{'H1': 0.0792532870369871}"
02:22:59 -- collecting point 25
GetIndicatorState W ===>> False
change switch state (True, True)
update switch state W False args=() kw={} ncanvase=10
02:22:59 -- CLOSE  VALVE-W (Outer Pipette 1)
-------------------------- close None (Outer Pipette 1) result=[(True, True)]
action=close, ok=True, locked=[False]
close () {'description': 'Outer Pipette 2'}
close name=--- desc=Outer Pipette 2
checking ownership. requestor=129.138.12.150
check software interlocks Y
interlocks ['Z']
actuate state mode=None-script, software_lock=False
doing actuation None-script close_channel True
Close Y ===>> OK
GetIndicatorState Y ===>> False
change switch state (True, True)
update switch state Y False args=() kw={} ncanvase=10
02:23:00 -- CLOSE  VALVE-Y (Outer Pipette 2)
-------------------------- close None (Outer Pipette 2) result=[(True, True)]
action=close, ok=True, locked=[False]
release ('JanMiniboneFlag',) {}
release JanMiniboneFlag
Set JanMiniboneFlag 0 ===>> OK
executed snippet estimated_duration=16.0, duration=20.4696278572
PumpMinibone.py completed successfully
gosub finished
executed snippet estimated_duration=4.0, duration=26.9652938843
jan_pump_extraction_line.py completed successfully
Post Equilibration Finished
02:23:00 -- ******* Post Equilibration Finished *******
testing H1<-5.0
evaluate ot="H1.bs<-5.0" t="H1<-5.0", ctx="{'H1': 0.0792532870369871}"
testing H1<-5.0
evaluate ot="H1.bs<-5.0" t="H1<-5.0", ctx="{'H1': 0.0792532870369871}"
testing H1<-5.0
evaluate ot="H1.bs<-5.0" t="H1<-5.0", ctx="{'H1': 0.0792532870369871}"
testing H1<-5.0
evaluate ot="H1.bs<-5.0" t="H1<-5.0", ctx="{'H1': 0.0792532870369871}"
testing H1<-5.0
evaluate ot="H1.bs<-5.0" t="H1<-5.0", ctx="{'H1': 0.0792532870369871}"
02:23:25 -- collecting point 50
testing H1<-5.0
evaluate ot="H1.bs<-5.0" t="H1<-5.0", ctx="{'H1': 0.0792532870369871}"
testing H1<-5.0
evaluate ot="H1.bs<-5.0" t="H1<-5.0", ctx="{'H1': 0.0792532870369871}"
testing H1<-5.0
evaluate ot="H1.bs<-5.0" t="H1<-5.0", ctx="{'H1': 0.0792532870369871}"
testing H1<-5.0
evaluate ot="H1.bs<-5.0" t="H1<-5.0", ctx="{'H1': 0.0792532870369871}"
testing H1<-5.0
evaluate ot="H1.bs<-5.0" t="H1<-5.0", ctx="{'H1': 0.0792532870369871}"
02:23:52 -- collecting point 75
testing H1<-5.0
evaluate ot="H1.bs<-5.0" t="H1<-5.0", ctx="{'H1': 0.0792532870369871}"
testing H1<-5.0
evaluate ot="H1.bs<-5.0" t="H1<-5.0", ctx="{'H1': 0.0792532870369871}"
testing H1<-5.0
evaluate ot="H1.bs<-5.0" t="H1<-5.0", ctx="{'H1': 0.0792532870369871}"
testing H1<-5.0
evaluate ot="H1.bs<-5.0" t="H1<-5.0", ctx="{'H1': 0.0792532870369871}"
testing H1<-5.0
evaluate ot="H1.bs<-5.0" t="H1<-5.0", ctx="{'H1': 0.0792532870369871}"
02:24:18 -- collecting point 100
testing H1<-5.0
evaluate ot="H1.bs<-5.0" t="H1<-5.0", ctx="{'H1': 0.0792532870369871}"
testing H1<-5.0
evaluate ot="H1.bs<-5.0" t="H1<-5.0", ctx="{'H1': 0.0792532870369871}"
testing H1<-5.0
evaluate ot="H1.bs<-5.0" t="H1<-5.0", ctx="{'H1': 0.0792532870369871}"
testing H1<-5.0
evaluate ot="H1.bs<-5.0" t="H1<-5.0", ctx="{'H1': 0.0792532870369871}"
testing H1<-5.0
evaluate ot="H1.bs<-5.0" t="H1<-5.0", ctx="{'H1': 0.0792532870369871}"
02:24:44 -- collecting point 125
testing H1<-5.0
evaluate ot="H1.bs<-5.0" t="H1<-5.0", ctx="{'H1': 0.0792532870369871}"
testing H1<-5.0
evaluate ot="H1.bs<-5.0" t="H1<-5.0", ctx="{'H1': 0.0792532870369871}"
testing H1<-5.0
evaluate ot="H1.bs<-5.0" t="H1<-5.0", ctx="{'H1': 0.0792532870369871}"
testing H1<-5.0
evaluate ot="H1.bs<-5.0" t="H1<-5.0", ctx="{'H1': 0.0792532870369871}"
set states for children of V. state=True
handle state [('V', True)]
update switch state V True args=() kw={'refresh': False} ncanvase=10
refresh_canvas_needed fired
testing H1<-5.0
evaluate ot="H1.bs<-5.0" t="H1<-5.0", ctx="{'H1': 0.0792532870369871}"
02:25:10 -- collecting point 150
testing H1<-5.0
evaluate ot="H1.bs<-5.0" t="H1<-5.0", ctx="{'H1': 0.0792532870369871}"
testing H1<-5.0
evaluate ot="H1.bs<-5.0" t="H1<-5.0", ctx="{'H1': 0.0792532870369871}"
testing H1<-5.0
evaluate ot="H1.bs<-5.0" t="H1<-5.0", ctx="{'H1': 0.0792532870369871}"
testing H1<-5.0
evaluate ot="H1.bs<-5.0" t="H1<-5.0", ctx="{'H1': 0.0792532870369871}"
testing H1<-5.0
evaluate ot="H1.bs<-5.0" t="H1<-5.0", ctx="{'H1': 0.0792532870369871}"
02:25:37 -- collecting point 175
testing H1<-5.0
evaluate ot="H1.bs<-5.0" t="H1<-5.0", ctx="{'H1': 0.0792532870369871}"
testing H1<-5.0
evaluate ot="H1.bs<-5.0" t="H1<-5.0", ctx="{'H1': 0.0792532870369871}"
testing H1<-5.0
evaluate ot="H1.bs<-5.0" t="H1<-5.0", ctx="{'H1': 0.0792532870369871}"
testing H1<-5.0
evaluate ot="H1.bs<-5.0" t="H1<-5.0", ctx="{'H1': 0.0792532870369871}"
testing H1<-5.0
evaluate ot="H1.bs<-5.0" t="H1<-5.0", ctx="{'H1': 0.0792532870369871}"
02:26:03 -- collecting point 200
testing H1<-5.0
evaluate ot="H1.bs<-5.0" t="H1<-5.0", ctx="{'H1': 0.0792532870369871}"
testing H1<-5.0
evaluate ot="H1.bs<-5.0" t="H1<-5.0", ctx="{'H1': 0.0792532870369871}"
testing H1<-5.0
evaluate ot="H1.bs<-5.0" t="H1<-5.0", ctx="{'H1': 0.0792532870369871}"
testing H1<-5.0
evaluate ot="H1.bs<-5.0" t="H1<-5.0", ctx="{'H1': 0.0792532870369871}"
testing H1<-5.0
evaluate ot="H1.bs<-5.0" t="H1<-5.0", ctx="{'H1': 0.0792532870369871}"
02:26:29 -- collecting point 225
testing H1<-5.0
evaluate ot="H1.bs<-5.0" t="H1<-5.0", ctx="{'H1': 0.0792532870369871}"
set states for children of E. state=True
set states for children of Q. state=False
handle state [('E', True), ('Q', False)]
update switch state E True args=() kw={'refresh': True} ncanvase=10
update switch state Q False args=() kw={'refresh': False} ncanvase=10
refresh_canvas_needed fired
set states for children of B. state=False
set states for children of D. state=False
handle state [('B', False), ('D', False)]
update switch state B False args=() kw={'refresh': True} ncanvase=10
update switch state D False args=() kw={'refresh': False} ncanvase=10
refresh_canvas_needed fired
set states for children of Y. state=True
handle state [('Y', True)]
update switch state Y True args=() kw={'refresh': False} ncanvase=10
refresh_canvas_needed fired
testing H1<-5.0
evaluate ot="H1.bs<-5.0" t="H1<-5.0", ctx="{'H1': 0.0792532870369871}"
testing H1<-5.0
evaluate ot="H1.bs<-5.0" t="H1<-5.0", ctx="{'H1': 0.0792532870369871}"
testing H1<-5.0
evaluate ot="H1.bs<-5.0" t="H1<-5.0", ctx="{'H1': 0.0792532870369871}"
set states for children of Y. state=False
handle state [('Y', False)]
update switch state Y False args=() kw={'refresh': False} ncanvase=10
refresh_canvas_needed fired
testing H1<-5.0
evaluate ot="H1.bs<-5.0" t="H1<-5.0", ctx="{'H1': 0.0792532870369871}"
02:26:56 -- collecting point 250
State checksums do not match. Local:611344307 Remote:378530779
State checksum failed
set states for children of Z. state=True
handle state [('Z', True)]
update switch state Z True args=() kw={'refresh': False} ncanvase=10
refresh_canvas_needed fired
testing H1<-5.0
evaluate ot="H1.bs<-5.0" t="H1<-5.0", ctx="{'H1': 0.0792532870369871}"
testing H1<-5.0
evaluate ot="H1.bs<-5.0" t="H1<-5.0", ctx="{'H1': 0.0792532870369871}"
testing H1<-5.0
evaluate ot="H1.bs<-5.0" t="H1<-5.0", ctx="{'H1': 0.0792532870369871}"
set states for children of C. state=False
set states for children of Z. state=False
handle state [('C', False), ('Z', False)]
update switch state C False args=() kw={'refresh': True} ncanvase=10
update switch state Z False args=() kw={'refresh': False} ncanvase=10
refresh_canvas_needed fired
testing H1<-5.0
evaluate ot="H1.bs<-5.0" t="H1<-5.0", ctx="{'H1': 0.0792532870369871}"
set states for children of P. state=False
handle state [('P', False)]
update switch state P False args=() kw={'refresh': False} ncanvase=10
refresh_canvas_needed fired
set states for children of Y. state=True
handle state [('Y', True)]
update switch state Y True args=() kw={'refresh': False} ncanvase=10
refresh_canvas_needed fired
testing H1<-5.0
evaluate ot="H1.bs<-5.0" t="H1<-5.0", ctx="{'H1': 0.0792532870369871}"
02:27:22 -- collecting point 275
testing H1<-5.0
evaluate ot="H1.bs<-5.0" t="H1<-5.0", ctx="{'H1': 0.0792532870369871}"
testing H1<-5.0
evaluate ot="H1.bs<-5.0" t="H1<-5.0", ctx="{'H1': 0.0792532870369871}"
set states for children of Y. state=False
handle state [('Y', False)]
update switch state Y False args=() kw={'refresh': False} ncanvase=10
refresh_canvas_needed fired
set states for children of Z. state=True
handle state [('Z', True)]
update switch state Z True args=() kw={'refresh': False} ncanvase=10
refresh_canvas_needed fired
testing H1<-5.0
evaluate ot="H1.bs<-5.0" t="H1<-5.0", ctx="{'H1': 0.0792532870369871}"
testing H1<-5.0
evaluate ot="H1.bs<-5.0" t="H1<-5.0", ctx="{'H1': 0.0792532870369871}"
testing H1<-5.0
evaluate ot="H1.bs<-5.0" t="H1<-5.0", ctx="{'H1': 0.0792532870369871}"
02:27:48 -- collecting point 300
testing H1<-5.0
evaluate ot="H1.bs<-5.0" t="H1<-5.0", ctx="{'H1': 0.0792532870369871}"
set states for children of Z. state=False
handle state [('Z', False)]
update switch state Z False args=() kw={'refresh': False} ncanvase=10
refresh_canvas_needed fired
set states for children of Y. state=True
handle state [('Y', True)]
update switch state Y True args=() kw={'refresh': False} ncanvase=10
refresh_canvas_needed fired
testing H1<-5.0
evaluate ot="H1.bs<-5.0" t="H1<-5.0", ctx="{'H1': 0.0792532870369871}"
testing H1<-5.0
evaluate ot="H1.bs<-5.0" t="H1<-5.0", ctx="{'H1': 0.0792532870369871}"
testing H1<-5.0
evaluate ot="H1.bs<-5.0" t="H1<-5.0", ctx="{'H1': 0.0792532870369871}"
set states for children of Y. state=False
handle state [('Y', False)]
update switch state Y False args=() kw={'refresh': False} ncanvase=10
refresh_canvas_needed fired
testing H1<-5.0
evaluate ot="H1.bs<-5.0" t="H1<-5.0", ctx="{'H1': 0.0792532870369871}"
02:28:15 -- collecting point 325
State checksums do not match. Local:610848153 Remote:236831195
State checksum failed
set states for children of Z. state=True
handle state [('Z', True)]
update switch state Z True args=() kw={'refresh': False} ncanvase=10
refresh_canvas_needed fired
testing H1<-5.0
evaluate ot="H1.bs<-5.0" t="H1<-5.0", ctx="{'H1': 0.0792532870369871}"
testing H1<-5.0
evaluate ot="H1.bs<-5.0" t="H1<-5.0", ctx="{'H1': 0.0792532870369871}"
testing H1<-5.0
evaluate ot="H1.bs<-5.0" t="H1<-5.0", ctx="{'H1': 0.0792532870369871}"
set states for children of Z. state=False
handle state [('Z', False)]
update switch state Z False args=() kw={'refresh': False} ncanvase=10
refresh_canvas_needed fired
testing H1<-5.0
evaluate ot="H1.bs<-5.0" t="H1<-5.0", ctx="{'H1': 0.0792532870369871}"
set states for children of Y. state=True
handle state [('Y', True)]
update switch state Y True args=() kw={'refresh': False} ncanvase=10
refresh_canvas_needed fired
testing H1<-5.0
evaluate ot="H1.bs<-5.0" t="H1<-5.0", ctx="{'H1': 0.0792532870369871}"
02:28:41 -- collecting point 350
testing H1<-5.0
evaluate ot="H1.bs<-5.0" t="H1<-5.0", ctx="{'H1': 0.0792532870369871}"
set states for children of Y. state=False
handle state [('Y', False)]
update switch state Y False args=() kw={'refresh': False} ncanvase=10
refresh_canvas_needed fired
testing H1<-5.0
evaluate ot="H1.bs<-5.0" t="H1<-5.0", ctx="{'H1': 0.0792532870369871}"
set states for children of Z. state=True
handle state [('Z', True)]
update switch state Z True args=() kw={'refresh': False} ncanvase=10
refresh_canvas_needed fired
testing H1<-5.0
evaluate ot="H1.bs<-5.0" t="H1<-5.0", ctx="{'H1': 0.0792532870369871}"
testing H1<-5.0
evaluate ot="H1.bs<-5.0" t="H1<-5.0", ctx="{'H1': 0.0792532870369871}"
testing H1<-5.0
evaluate ot="H1.bs<-5.0" t="H1<-5.0", ctx="{'H1': 0.0792532870369871}"
02:29:07 -- collecting point 375
set states for children of Z. state=False
handle state [('Z', False)]
update switch state Z False args=() kw={'refresh': False} ncanvase=10
refresh_canvas_needed fired
set states for children of Y. state=True
handle state [('Y', True)]
update switch state Y True args=() kw={'refresh': False} ncanvase=10
refresh_canvas_needed fired
testing H1<-5.0
evaluate ot="H1.bs<-5.0" t="H1<-5.0", ctx="{'H1': 0.0792532870369871}"
testing H1<-5.0
evaluate ot="H1.bs<-5.0" t="H1<-5.0", ctx="{'H1': 0.0792532870369871}"
testing H1<-5.0
evaluate ot="H1.bs<-5.0" t="H1<-5.0", ctx="{'H1': 0.0792532870369871}"
testing H1<-5.0
evaluate ot="H1.bs<-5.0" t="H1<-5.0", ctx="{'H1': 0.0792532870369871}"
set states for children of Y. state=False
handle state [('Y', False)]
update switch state Y False args=() kw={'refresh': False} ncanvase=10
refresh_canvas_needed fired
set states for children of Z. state=True
handle state [('Z', True)]
update switch state Z True args=() kw={'refresh': False} ncanvase=10
refresh_canvas_needed fired
testing H1<-5.0
evaluate ot="H1.bs<-5.0" t="H1<-5.0", ctx="{'H1': 0.0792532870369871}"
02:29:34 -- collecting point 400
waiting for write to finish
measurement finished
estimated time: 419.430 actual time: :421.189
flush and close file /Users/jan/PychronDev/data/isotopes/57/185d1d-ace8-46db-ae4e-0d17ef338d9d.h5
baselines () {'settling_time': 15.0, 'detector': 'H1', 'mass': 34.2, 'ncounts': 120}
%%%%%%%%%%%%%%%%%%%%%%%%%%%%%%%% Baseline
build tables- baseline [Detector(H2), Detector(H1), Detector(AX), Detector(L1), Detector(L2), Detector(CDD)]
add group baseline table H2
add group baseline table H1
add group baseline table AX
add group baseline table L1
add group baseline table L2
add group baseline table CDD
flush and close file /Users/jan/PychronDev/data/isotopes/57/185d1d-ace8-46db-ae4e-0d17ef338d9d.h5
detector Detector(H1)
POSITION 34.2 H1
Mapping mass to dac mass func: "parabolic"
H1 map mass coeffs = [ -3.11428344e-04   1.33794662e-01   1.02907323e+00]
H1 map mass to dac 34.2 >> 5.24059160773
GetDeflection H1 ===>> 0
GetHighVoltage ===>> 4499.94659342336
positioning 34.2 (5.24056074637) on H1
setting magnet DAC
current  : 5.878445
requested: 5.240561
Delta Dac: 0.637885
Checking detector protection. dv=0.63788
Checking detector "CDD". Protection Threshold: 0.5 (V)
ProtectDetector CDD,On ===>> OK
GetDeflection CDD ===>> 2000
Protected = 2000
SetMagnetDAC 5.24056074637 ===>> OK
Magnet settling time: 0.500 0.500
Magnet settling complete
Wait for magnet to stop moving
GetMagnetMoving ===>> True
GetMagnetMoving ===>> True
GetMagnetMoving ===>> True
GetMagnetMoving ===>> True
GetMagnetMoving ===>> True
GetMagnetMoving ===>> True
GetMagnetMoving ===>> True
GetMagnetMoving ===>> True
GetMagnetMoving ===>> False
Magnet move complete
Unprotect detectors
ProtectDetector CDD,Off ===>> OK
GetDeflection CDD ===>> 50
set_dac. change=True
Delaying 15.0s for detectors to settle
set states for children of Z. state=False
handle state [('Z', False)]
update switch state Z False args=() kw={'refresh': False} ncanvase=10
refresh_canvas_needed fired
set states for children of Y. state=True
handle state [('Y', True)]
update switch state Y True args=() kw={'refresh': False} ncanvase=10
refresh_canvas_needed fired
Join finished
measuring baseline. ncounts=120
"baseline" increment series count="2" fit count="1" regressing="True"
starting measurement
testing H1<-5.0
evaluate ot="H1.bs<-5.0" t="H1<-5.0", ctx="{'H1': 0.0658654317946428}"
testing H1<-5.0
evaluate ot="H1.bs<-5.0" t="H1<-5.0", ctx="{'H1': 0.058136124733513594}"
set states for children of Y. state=False
handle state [('Y', False)]
update switch state Y False args=() kw={'refresh': False} ncanvase=10
refresh_canvas_needed fired
testing H1<-5.0
evaluate ot="H1.bs<-5.0" t="H1<-5.0", ctx="{'H1': 0.06445542871104738}"
set states for children of V. state=False
handle state [('V', False)]
update switch state V False args=() kw={'refresh': False} ncanvase=10
refresh_canvas_needed fired
testing H1<-5.0
evaluate ot="H1.bs<-5.0" t="H1<-5.0", ctx="{'H1': 0.06542242826080961}"
set states for children of H. state=True
handle state [('H', True)]
update switch state H True args=() kw={'refresh': False} ncanvase=10
refresh_canvas_needed fired
testing H1<-5.0
evaluate ot="H1.bs<-5.0" t="H1<-5.0", ctx="{'H1': 0.06787480163311287}"
02:30:18 -- collecting point 25
testing H1<-5.0
evaluate ot="H1.bs<-5.0" t="H1<-5.0", ctx="{'H1': 0.07123394271660025}"
testing H1<-5.0
evaluate ot="H1.bs<-5.0" t="H1<-5.0", ctx="{'H1': 0.06732498581882135}"
testing H1<-5.0
evaluate ot="H1.bs<-5.0" t="H1<-5.0", ctx="{'H1': 0.0720293350550125}"
testing H1<-5.0
evaluate ot="H1.bs<-5.0" t="H1<-5.0", ctx="{'H1': 0.0703548062543893}"
set states for children of H. state=False
handle state [('H', False)]
update switch state H False args=() kw={'refresh': False} ncanvase=10
refresh_canvas_needed fired
testing H1<-5.0
evaluate ot="H1.bs<-5.0" t="H1<-5.0", ctx="{'H1': 0.0725470586547275}"
02:30:45 -- collecting point 50
set states for children of C. state=True
handle state [('C', True)]
update switch state C True args=() kw={'refresh': False} ncanvase=10
refresh_canvas_needed fired
State checksums do not match. Local:1242363369 Remote:1269278284
State checksum failed
set states for children of B. state=True
set states for children of D. state=True
handle state [('B', True), ('D', True)]
update switch state B True args=() kw={'refresh': True} ncanvase=10
update switch state D True args=() kw={'refresh': False} ncanvase=10
refresh_canvas_needed fired
set states for children of I. state=False
set states for children of Q. state=True
set states for children of P. state=True
handle state [('I', False), ('Q', True), ('P', True)]
update switch state I False args=() kw={'refresh': True} ncanvase=10
update switch state Q True args=() kw={'refresh': True} ncanvase=10
update switch state P True args=() kw={'refresh': False} ncanvase=10
refresh_canvas_needed fired
testing H1<-5.0
evaluate ot="H1.bs<-5.0" t="H1<-5.0", ctx="{'H1': 0.0722822376706273}"
testing H1<-5.0
evaluate ot="H1.bs<-5.0" t="H1<-5.0", ctx="{'H1': 0.07161476908138589}"
testing H1<-5.0
evaluate ot="H1.bs<-5.0" t="H1<-5.0", ctx="{'H1': 0.07016823099981964}"
testing H1<-5.0
evaluate ot="H1.bs<-5.0" t="H1<-5.0", ctx="{'H1': 0.06945525829876255}"
testing H1<-5.0
evaluate ot="H1.bs<-5.0" t="H1<-5.0", ctx="{'H1': 0.07025902577744735}"
02:31:11 -- collecting point 75
testing H1<-5.0
evaluate ot="H1.bs<-5.0" t="H1<-5.0", ctx="{'H1': 0.06897395679160483}"
testing H1<-5.0
evaluate ot="H1.bs<-5.0" t="H1<-5.0", ctx="{'H1': 0.06737982668180849}"
testing H1<-5.0
evaluate ot="H1.bs<-5.0" t="H1<-5.0", ctx="{'H1': 0.06797412288735837}"
testing H1<-5.0
evaluate ot="H1.bs<-5.0" t="H1<-5.0", ctx="{'H1': 0.06850601658590066}"
testing H1<-5.0
evaluate ot="H1.bs<-5.0" t="H1<-5.0", ctx="{'H1': 0.0700444035735829}"
02:31:37 -- collecting point 100
testing H1<-5.0
evaluate ot="H1.bs<-5.0" t="H1<-5.0", ctx="{'H1': 0.06989984938404796}"
testing H1<-5.0
evaluate ot="H1.bs<-5.0" t="H1<-5.0", ctx="{'H1': 0.06998330959832907}"
testing H1<-5.0
evaluate ot="H1.bs<-5.0" t="H1<-5.0", ctx="{'H1': 0.0696469678949773}"
testing H1<-5.0
evaluate ot="H1.bs<-5.0" t="H1<-5.0", ctx="{'H1': 0.07069498598950674}"
waiting for write to finish
measurement finished
estimated time: 125.829 actual time: :126.458
flush and close file /Users/jan/PychronDev/data/isotopes/57/185d1d-ace8-46db-ae4e-0d17ef338d9d.h5
activate_detectors ('H1', 'AX', 'L2', 'CDD') {'peak_center': True}
peak_center () {'detector': 'H1', 'integration_time': 0.262144, 'isotope': 'Ar40'}
peak center: mean=65.5135822656 threshold=5.0
peak center started
setup peak center. detector=['H1', 'AX', 'L2', 'CDD'], isotope=Ar40
VersionedUnpickler [<apptools.sweet_pickle.versioned_unpickler.VersionedUnpickler object at 0x158db0170>] using Updater [<apptools.sweet_pickle.updater.Updater object at 0x137165a10>]
VersionedUnpickler [<apptools.sweet_pickle.versioned_unpickler.VersionedUnpickler object at 0x158db0170>] using Updater [<apptools.sweet_pickle.updater.Updater object at 0x137165a10>]
VersionedUnpickler [<apptools.sweet_pickle.versioned_unpickler.VersionedUnpickler object at 0x13beaa9b0>] using Updater [<apptools.sweet_pickle.updater.Updater object at 0x137165a10>]
setting integration time = 0.524288
SetIntegrationTime 0.524288 ===>> OK
Mapping mass to dac mass func: "parabolic"
H1 map mass coeffs = [ -3.11428344e-04   1.33794662e-01   1.02907323e+00]
H1 map mass to dac 39.9624 >> 5.87848
GetDeflection H1 ===>> 0
GetHighVoltage ===>> 4499.94659342336
do peak center. <pychron.spectrometer.jobs.peak_center.PeakCenter object at 0x150122770>
doing pc
starting peak center. center dac= 5.87844538218 step_width=0.001
width = 0.001
get scan parameters. half-width=0.015,window=0.015, i=0, scalar=1
Scan parameters center=5.87845 width=0.03000 (5.86345 - 5.89345)
Moving to starting dac 5.86344538218
setting magnet DAC
current  : 5.240561
requested: 5.863445
Delta Dac: 0.622885
Checking detector protection. dv=0.62288
Checking detector "CDD". Protection Threshold: 0.5 (V)
ProtectDetector CDD,On ===>> OK
GetDeflection CDD ===>> 2000
Protected = 2000
SetMagnetDAC 5.86344538218 ===>> OK
Magnet settling time: 0.500 0.500
Magnet settling complete
Wait for magnet to stop moving
GetMagnetMoving ===>> True
GetMagnetMoving ===>> True
GetMagnetMoving ===>> True
GetMagnetMoving ===>> True
GetMagnetMoving ===>> True
GetMagnetMoving ===>> True
GetMagnetMoving ===>> True
GetMagnetMoving ===>> True
GetMagnetMoving ===>> False
Magnet move complete
Unprotect detectors
ProtectDetector CDD,Off ===>> OK
GetDeflection CDD ===>> 50
set_dac. change=True
Wait until signal near baseline. tol= 0.0667677894312. timeout= 10
Peak center baseline intensity achieved
_do_sweep sm= 5.86344538218, em= 5.89344538218, stm= 0.001
calculated step values: start=5.86344538218, end=5.89344538218, width=0.001, nsteps=31.0
setting magnet DAC
current  : 5.863445
requested: 5.863445
Delta Dac: 0.000000
Checking detector protection. dv=0.00000
Checking detector "CDD". Protection Threshold: 0.5 (V)
SetMagnetDAC 5.86344538218 ===>> OK
set_dac. change=False
setting magnet DAC
current  : 5.863445
requested: 5.864480
Delta Dac: 0.001034
Checking detector protection. dv=0.00103
Checking detector "CDD". Protection Threshold: 0.5 (V)
SetMagnetDAC 5.86447986494 ===>> OK
Magnet settling time: 1.049 0.500
Magnet settling complete
set_dac. change=True
setting magnet DAC
current  : 5.864480
requested: 5.865514
Delta Dac: 0.001034
Checking detector protection. dv=0.00103
Checking detector "CDD". Protection Threshold: 0.5 (V)
SetMagnetDAC 5.8655143477 ===>> OK
Magnet settling time: 1.049 0.500
Magnet settling complete
set_dac. change=True
setting magnet DAC
current  : 5.865514
requested: 5.866549
Delta Dac: 0.001034
Checking detector protection. dv=0.00103
Checking detector "CDD". Protection Threshold: 0.5 (V)
SetMagnetDAC 5.86654883046 ===>> OK
Magnet settling time: 1.049 0.500
Magnet settling complete
set_dac. change=True
setting magnet DAC
current  : 5.866549
requested: 5.867583
Delta Dac: 0.001034
Checking detector protection. dv=0.00103
Checking detector "CDD". Protection Threshold: 0.5 (V)
SetMagnetDAC 5.86758331322 ===>> OK
Magnet settling time: 1.049 0.500
Magnet settling complete
set_dac. change=True
setting magnet DAC
current  : 5.867583
requested: 5.868618
Delta Dac: 0.001034
Checking detector protection. dv=0.00103
Checking detector "CDD". Protection Threshold: 0.5 (V)
SetMagnetDAC 5.86861779598 ===>> OK
Magnet settling time: 1.049 0.500
Magnet settling complete
set_dac. change=True
setting magnet DAC
current  : 5.868618
requested: 5.869652
Delta Dac: 0.001034
Checking detector protection. dv=0.00103
Checking detector "CDD". Protection Threshold: 0.5 (V)
SetMagnetDAC 5.86965227873 ===>> OK
Magnet settling time: 1.049 0.500
Magnet settling complete
set_dac. change=True
setting magnet DAC
current  : 5.869652
requested: 5.870687
Delta Dac: 0.001034
Checking detector protection. dv=0.00103
Checking detector "CDD". Protection Threshold: 0.5 (V)
SetMagnetDAC 5.87068676149 ===>> OK
Magnet settling time: 1.049 0.500
Magnet settling complete
set_dac. change=True
setting magnet DAC
current  : 5.870687
requested: 5.871721
Delta Dac: 0.001034
Checking detector protection. dv=0.00103
Checking detector "CDD". Protection Threshold: 0.5 (V)
SetMagnetDAC 5.87172124425 ===>> OK
Magnet settling time: 1.049 0.500
Magnet settling complete
set_dac. change=True
setting magnet DAC
current  : 5.871721
requested: 5.872756
Delta Dac: 0.001034
Checking detector protection. dv=0.00103
Checking detector "CDD". Protection Threshold: 0.5 (V)
SetMagnetDAC 5.87275572701 ===>> OK
Magnet settling time: 1.049 0.500
Magnet settling complete
set_dac. change=True
setting magnet DAC
current  : 5.872756
requested: 5.873790
Delta Dac: 0.001034
Checking detector protection. dv=0.00103
Checking detector "CDD". Protection Threshold: 0.5 (V)
SetMagnetDAC 5.87379020977 ===>> OK
Magnet settling time: 1.049 0.500
Magnet settling complete
set_dac. change=True
setting magnet DAC
current  : 5.873790
requested: 5.874825
Delta Dac: 0.001034
Checking detector protection. dv=0.00103
Checking detector "CDD". Protection Threshold: 0.5 (V)
SetMagnetDAC 5.87482469253 ===>> OK
Magnet settling time: 1.049 0.500
Magnet settling complete
set_dac. change=True
setting magnet DAC
current  : 5.874825
requested: 5.875859
Delta Dac: 0.001034
Checking detector protection. dv=0.00103
Checking detector "CDD". Protection Threshold: 0.5 (V)
SetMagnetDAC 5.87585917529 ===>> OK
Magnet settling time: 1.049 0.500
Magnet settling complete
set_dac. change=True
setting magnet DAC
current  : 5.875859
requested: 5.876894
Delta Dac: 0.001034
Checking detector protection. dv=0.00103
Checking detector "CDD". Protection Threshold: 0.5 (V)
SetMagnetDAC 5.87689365804 ===>> OK
Magnet settling time: 1.049 0.500
Magnet settling complete
set_dac. change=True
setting magnet DAC
current  : 5.876894
requested: 5.877928
Delta Dac: 0.001034
Checking detector protection. dv=0.00103
Checking detector "CDD". Protection Threshold: 0.5 (V)
SetMagnetDAC 5.8779281408 ===>> OK
Magnet settling time: 1.049 0.500
Magnet settling complete
set_dac. change=True
setting magnet DAC
current  : 5.877928
requested: 5.878963
Delta Dac: 0.001034
Checking detector protection. dv=0.00103
Checking detector "CDD". Protection Threshold: 0.5 (V)
SetMagnetDAC 5.87896262356 ===>> OK
Magnet settling time: 1.049 0.500
Magnet settling complete
set_dac. change=True
setting magnet DAC
current  : 5.878963
requested: 5.879997
Delta Dac: 0.001034
Checking detector protection. dv=0.00103
Checking detector "CDD". Protection Threshold: 0.5 (V)
SetMagnetDAC 5.87999710632 ===>> OK
Magnet settling time: 1.049 0.500
Magnet settling complete
set_dac. change=True
setting magnet DAC
current  : 5.879997
requested: 5.881032
Delta Dac: 0.001034
Checking detector protection. dv=0.00103
Checking detector "CDD". Protection Threshold: 0.5 (V)
SetMagnetDAC 5.88103158908 ===>> OK
Magnet settling time: 1.049 0.500
Magnet settling complete
set_dac. change=True
setting magnet DAC
current  : 5.881032
requested: 5.882066
Delta Dac: 0.001034
Checking detector protection. dv=0.00103
Checking detector "CDD". Protection Threshold: 0.5 (V)
SetMagnetDAC 5.88206607184 ===>> OK
Magnet settling time: 1.049 0.500
Magnet settling complete
set_dac. change=True
setting magnet DAC
current  : 5.882066
requested: 5.883101
Delta Dac: 0.001034
Checking detector protection. dv=0.00103
Checking detector "CDD". Protection Threshold: 0.5 (V)
SetMagnetDAC 5.8831005546 ===>> OK
Magnet settling time: 1.049 0.500
Magnet settling complete
set_dac. change=True
setting magnet DAC
current  : 5.883101
requested: 5.884135
Delta Dac: 0.001034
Checking detector protection. dv=0.00103
Checking detector "CDD". Protection Threshold: 0.5 (V)
SetMagnetDAC 5.88413503735 ===>> OK
Magnet settling time: 1.049 0.500
Magnet settling complete
set_dac. change=True
setting magnet DAC
current  : 5.884135
requested: 5.885170
Delta Dac: 0.001034
Checking detector protection. dv=0.00103
Checking detector "CDD". Protection Threshold: 0.5 (V)
SetMagnetDAC 5.88516952011 ===>> OK
Magnet settling time: 1.049 0.500
Magnet settling complete
set_dac. change=True
setting magnet DAC
current  : 5.885170
requested: 5.886204
Delta Dac: 0.001034
Checking detector protection. dv=0.00103
Checking detector "CDD". Protection Threshold: 0.5 (V)
SetMagnetDAC 5.88620400287 ===>> OK
Magnet settling time: 1.049 0.500
Magnet settling complete
set_dac. change=True
setting magnet DAC
current  : 5.886204
requested: 5.887238
Delta Dac: 0.001034
Checking detector protection. dv=0.00103
Checking detector "CDD". Protection Threshold: 0.5 (V)
SetMagnetDAC 5.88723848563 ===>> OK
Magnet settling time: 1.049 0.500
Magnet settling complete
set_dac. change=True
setting magnet DAC
current  : 5.887238
requested: 5.888273
Delta Dac: 0.001034
Checking detector protection. dv=0.00103
Checking detector "CDD". Protection Threshold: 0.5 (V)
SetMagnetDAC 5.88827296839 ===>> OK
Magnet settling time: 1.049 0.500
Magnet settling complete
set_dac. change=True
setting magnet DAC
current  : 5.888273
requested: 5.889307
Delta Dac: 0.001034
Checking detector protection. dv=0.00103
Checking detector "CDD". Protection Threshold: 0.5 (V)
SetMagnetDAC 5.88930745115 ===>> OK
Magnet settling time: 1.049 0.500
Magnet settling complete
set_dac. change=True
setting magnet DAC
current  : 5.889307
requested: 5.890342
Delta Dac: 0.001034
Checking detector protection. dv=0.00103
Checking detector "CDD". Protection Threshold: 0.5 (V)
SetMagnetDAC 5.89034193391 ===>> OK
Magnet settling time: 1.049 0.500
Magnet settling complete
set_dac. change=True
setting magnet DAC
current  : 5.890342
requested: 5.891376
Delta Dac: 0.001034
Checking detector protection. dv=0.00103
Checking detector "CDD". Protection Threshold: 0.5 (V)
SetMagnetDAC 5.89137641667 ===>> OK
Magnet settling time: 1.049 0.500
Magnet settling complete
set_dac. change=True
setting magnet DAC
current  : 5.891376
requested: 5.892411
Delta Dac: 0.001034
Checking detector protection. dv=0.00103
Checking detector "CDD". Protection Threshold: 0.5 (V)
SetMagnetDAC 5.89241089942 ===>> OK
Magnet settling time: 1.049 0.500
Magnet settling complete
set_dac. change=True
setting magnet DAC
current  : 5.892411
requested: 5.893445
Delta Dac: 0.001034
Checking detector protection. dv=0.00103
Checking detector "CDD". Protection Threshold: 0.5 (V)
SetMagnetDAC 5.89344538218 ===>> OK
Magnet settling time: 1.049 0.500
Magnet settling complete
set_dac. change=True
result of _do_sweep=True
result of _calculate_peak_center=([5.871050592603356, 5.8785656226634764, 5.8860806527235967], [47.411756527311567, 63.982649405731436, 47.505178728475876], 5.8783552018217931, 63.982649405731436)
Failed to find a valid peak. No peak greater than 1.0. max = 0.50879821643
Failed to find a valid peak. No peak greater than 1.0. max = 0.134322762739
Failed to find a valid peak. No peak greater than 1.0. max = 0.196817434827
new center pos Detector(H1) (Ar40) @ 5.87856562266
GetHighVoltage ===>> 4499.94659342336
GetDeflection H1 ===>> 0
dac uncorrected for HV and deflection 5.87860024119
update mftable H1 Ar40 5.87860024119 message=automated run peakcenter
get initial guess parabolic
get initial guess parabolic
get initial guess parabolic
get initial guess parabolic
get initial guess parabolic
get initial guess parabolic
dump mftable to /Users/jan/PychronDev/setupfiles/spectrometer/mftables/mftable.csv
add to repo msg=modified - automated run peakcenter
sweep finished
locally archiving mftable
setting magnet DAC
current  : 5.893445
requested: 5.878566
Delta Dac: 0.014880
Checking detector protection. dv=0.01488
Checking detector "CDD". Protection Threshold: 0.5 (V)
SetMagnetDAC 5.87856562266 ===>> OK
Magnet settling time: 0.500 0.500
Magnet settling complete
set_dac. change=True
setting integration time = 1.048576
SetIntegrationTime 1.048576 ===>> OK
Failed to find a valid peak. No peak greater than 1.0. max = 0.50879821643
Failed to find a valid peak. No peak greater than 1.0. max = 0.134322762739
Failed to find a valid peak. No peak greater than 1.0. max = 0.196817434827
flush and close file /Users/jan/PychronDev/data/isotopes/57/185d1d-ace8-46db-ae4e-0d17ef338d9d.h5
finished measure script
executed snippet estimated_duration=564.372928, duration=616.653847933
jan_unknown400_120.py completed successfully
Measurement Finished
02:32:36 -- ******* Measurement Finished *******
Post Measurement Started jan_pump_ms.py
02:32:36 -- ******* Post Measurement Started jan_pump_ms.py *******
testing...
no interpolation path defined
executed snippet estimated_duration=0, duration=2.31266021729e-05
Pumping spectrometer
open () {'name': 'O'}
open name=O desc=---
checking ownership. requestor=129.138.12.150
check software interlocks O
interlocks []
actuate state mode=None-script, software_lock=False
doing actuation None-script open_channel True
Open O ===>> OK
GetIndicatorState O ===>> OK
change switch state (True, True)
update switch state O True args=() kw={} ncanvase=10
02:32:36 -- OPEN   VALVE-O (Jan Ion Pump)
-------------------------- open O () result=[(True, True)]
action=open, ok=True, locked=[False]
executed snippet estimated_duration=0, duration=0.409833192825
jan_pump_ms.py completed successfully
setting _ms_pumptime
Post Measurement Finished
02:32:37 -- ******* Post Measurement Finished *******
$$$$$$$$$$$$$$$$$$$$ state at run end measurement
state changed from measurement to success
post measurement save measured=True aborted=False
Set filtering
setting fod for Ar41= {'filter_outliers': True, 'std_devs': 2, 'iterations': 1}
setting fod for H2= {'filter_outliers': True, 'std_devs': 2, 'iterations': 1}
setting fod for Ar40= {'filter_outliers': True, 'std_devs': 2, 'iterations': 1}
setting fod for H1= {'filter_outliers': True, 'std_devs': 2, 'iterations': 1}
setting fod for Ar36= {'filter_outliers': True, 'std_devs': 2, 'iterations': 1}
setting fod for CDD= {'filter_outliers': True, 'std_devs': 10, 'iterations': 1}
setting fod for Ar37= {'filter_outliers': True, 'std_devs': 2, 'iterations': 1}
setting fod for L2= {'filter_outliers': True, 'std_devs': 2, 'iterations': 1}
setting fod for Ar38= {'filter_outliers': True, 'std_devs': 2, 'iterations': 1}
setting fod for L1= {'filter_outliers': True, 'std_devs': 2, 'iterations': 1}
setting fod for Ar39= {'filter_outliers': True, 'std_devs': 2, 'iterations': 1}
setting fod for AX= {'filter_outliers': True, 'std_devs': 2, 'iterations': 1}
not connected to db mysql://janexp@129.138.12.160/labspy
Enviromentals: {'lab_humiditys': [{'device': 'EnvironmentalMonitor',
                    'name': 'Lab Hum.',
                    'pub_date': '2017-07-19T02:24:43',
                    'title': 'iServer Hum.',
                    'value': 58.6},
                   {'device': 'RPiWeather',
                    'name': 'Lab Hum. 2',
                    'pub_date': '2017-07-19T02:32:36',
                    'title': 'Base Station Hum.',
                    'value': 56.8796310424805}],
 'lab_pneumatics': [{'device': 'AirPressure',
                     'name': 'Pressure',
                     'pub_date': '2017-07-19T02:31:41',
                     'title': None,
                     'value': 91.95},
                    {'device': 'AirPressure2',
                     'name': 'Pressure2',
                     'pub_date': '2017-07-19T02:31:47',
                     'title': None,
                     'value': 93.24172},
                    {'device': 'RPiWeather',
                     'name': 'Lab Pressure',
                     'pub_date': '2017-07-18T23:43:41',
                     'title': None,
                     'value': 867.94287109375}],
 'lab_temperatures': [{'device': 'EnvironmentalMonitor',
                       'name': 'Lab Temp.',
                       'pub_date': '2017-07-18T22:19:02',
                       'title': 'iServer Temp.',
                       'value': 73.4},
                      {'device': 'Chiller',
                       'name': 'Coolant Temp.',
                       'pub_date': '2017-07-19T01:15:29',
                       'title': None,
                       'value': 18.0},
                      {'device': 'RPiWeather',
                       'name': 'Lab Temp. 2',
                       'pub_date': '2017-07-19T02:30:49',
                       'title': 'Base Station Temp.',
                       'value': 79.7641704559326},
                      {'device': 'RPiWeather',
                       'name': 'Lab Temp. 3',
                       'pub_date': '2017-07-19T02:17:01',
                       'title': 'EastDiffuser01',
                       'value': 62.15},
                      {'device': 'RPiWeather',
                       'name': 'Lab Temp. 4',
                       'pub_date': '2017-07-19T01:30:52',
                       'title': 'EastReturn02',
                       'value': 71.4866},
                      {'device': 'RPiWeather',
                       'name': 'Lab Temp. 5',
                       'pub_date': '2017-07-19T01:52:16',
                       'title': 'iServerCalibration03',
                       'value': 72.725},
                      {'device': 'RPiWeather',
                       'name': 'Lab Temp. 6',
                       'pub_date': '2017-07-19T02:32:12',
                       'title': 'SouthWall04',
                       'value': 72.275},
                      {'device': 'RPiWeather',
                       'name': 'Lab Temp. 7',
                       'pub_date': '2017-07-19T01:35:22',
                       'title': 'SouthWindow05',
                       'value': 71.6}]}
persistence save...
persistence save - db
post measurement save
5870811856 connecting to database sqlite://@/
connected to db sqlite://@/
create new session 5870811856
close session 5870811856
No database instance. Not saving post measurement to isotopedb database
$$$$$$$$$$$$$$$ auto_save_detector_ic=False
massspec enabled True
create new session 5625878288
MassSpec Database Version: 16.0
close session 5625878288
saving post measurement to secondary database
saving to massspec database 129.138.12.160/massspecdata
setting labnumber to a-01-J
setting aliquot to 5807
setting step to 
setting uuid to 57185d1d-ace8-46db-ae4e-0d17ef338d9d
setting irradpos to a-01-J
setting extract_device to Extract Device
setting tray to 
setting position to 
setting power_requested to 0.0
setting extract_value to 0.0
setting duration to 0.0
setting duration_at_request to 0.0
setting first_stage_delay to 0.0
setting cleanup to 0.0
setting comment to testing machine calibration
setting irradiation to NoIrradiation
setting level to A
setting irradiation_level to A
setting sample to air
setting material to Gas
setting project to REFERENCES
setting mass_spectrometer to Jan
no attribute chron_dosages
no attribute production_ratios
no attribute interference_corrections
no attribute production_name
no attribute j
Reference Isotope=Ar40
Reference Detector=H1
%%%%%%%%%%%%%%%%%%%% Comment: testing machine calibration %%%%%%%%%%%%%%%%%%%
adding isotope Ar41 H2
add baseline dbdet= Ar41. original det= H2
get baseline data Ar41 H2
Get data baseline <pychron.processing.isotope.Baseline object at 0x1458785d0> len t=120
baseline Ar41. v=-0.0969016557851, e=0.00280066039775
get signal data Ar41 H2
Get data signal Ar41 0.0249+/-0.0035 len t=400
adding isotope Ar40 H1
add baseline dbdet= Ar40. original det= H1
get baseline data Ar40 H1
Get data baseline <pychron.processing.isotope.Baseline object at 0x1538ea790> len t=120
baseline Ar40. v=0.0732399077446, e=0.00357467739227
get signal data Ar40 H1
Get data signal Ar40 67.319+/-0.012 len t=400
adding isotope Ar39 AX
add baseline dbdet= Ar39. original det= AX
get baseline data Ar39 AX
Get data baseline <pychron.processing.isotope.Baseline object at 0x15e118710> len t=120
baseline Ar39. v=-0.0468170265937, e=0.00458744501297
get signal data Ar39 AX
Get data signal Ar39 0.025+/-0.009 len t=400
adding isotope Ar38 L1
add baseline dbdet= Ar38. original det= L1
get baseline data Ar38 L1
Get data baseline <pychron.processing.isotope.Baseline object at 0x15e118790> len t=120
baseline Ar38. v=-0.0291008913523, e=0.00171819954881
get signal data Ar38 L1
Get data signal Ar38 0.0497+/-0.0022 len t=400
adding isotope Ar37 L2
add baseline dbdet= Ar37. original det= L2
get baseline data Ar37 L2
Get data baseline <pychron.processing.isotope.Baseline object at 0x15e118190> len t=120
baseline Ar37. v=-0.017496167603, e=0.00407343082643
get signal data Ar37 L2
Get data signal Ar37 0.055+/-0.005 len t=400
adding isotope Ar36 CDD
add baseline dbdet= Ar36. original det= CDD
get baseline data Ar36 CDD
Get data baseline <pychron.processing.isotope.Baseline object at 0x15e118bd0> len t=120
baseline Ar36. v=1.97028314945e-05, e=4.9257078788e-06
get signal data Ar36 CDD
Get data signal Ar36 0.2279+/-0.0009 len t=400
a-01-J-5807 added analysis time 0.64018201828s
analysis added to mass spec database
mass spec save time= 0.658
persistence save - dvc
================= post measurement started
create new session 4941320848
close session 4941320848
---------------- Experiment Queue saving disabled
DVC saving peakcenter
Failed to find a valid peak. No peak greater than 1.0. max = 0.50879821643
Failed to find a valid peak. No peak greater than 1.0. max = 0.134322762739
Failed to find a valid peak. No peak greater than 1.0. max = 0.196817434827
Smart pull ahead: 0 behind: 0
Up-to-date with origin
add to repo msg=modified - ad8224ebc6dbfeb9f5997218dfa5fe690569839d.json
add to repo msg=modified - -J-5807.json
add to repo msg=modified - -J-5807.dat.json
add to repo msg=modified - -J-5807.blan.json
add to repo msg=modified - -J-5807.inte.json
add to repo msg=modified - -J-5807.icfa.json
add to repo msg=modified - -J-5807.base.json
not at valid file /Users/jan/PychronDev/data/.dvc/repositories/Jan_air171/a-01/tags/-J-5807.tags.json
add to repo msg=modified - -J-5807.peak.json
add to repo msg=modified - -J-5807.extr.json
not at valid file /Users/jan/PychronDev/data/.dvc/repositories/Jan_air171/a-01/monitor/-J-5807.moni.json
commit message=<COLLECTION>
add to repo msg=modified - -J-5807.inte.json
add to repo msg=modified - -J-5807.base.json
commit message=<ISOEVO> default collection fits
add to repo msg=modified - -J-5807.blan.json
commit message=<BLANKS> preceding ba-01-J-2655
add to repo msg=modified - -J-5807.icfa.json
commit message=<ICFactor> default
push repository <pychron.git_archive.repo_manager.GitRepoManager object at 0x15a1a6230>
pushing to remote=origin, url=https://github.com
no changes to meta repo
create new session 4941320848
add association Jan_air171
get identifier "a-01-J"
setting analysis irradiation position=<pychron.dvc.dvc_orm.IrradiationPositionTbl object at 0x166a4f210>
close session 4941320848
================= post measurement finished
02:32:51 -- ******* Post Run Check *******
loading queue conditionals post_run_actions
loading system conditionals post_run_actions
loading conditionals from /Users/jan/PychronDev/setupfiles/spectrometer/default_conditionals.yaml
loading queue conditionals post_run_terminations
loading system conditionals post_run_terminations
loading conditionals from /Users/jan/PychronDev/setupfiles/spectrometer/default_conditionals.yaml
Checking default post run terminations n=1
GetDeflection CDD ===>> 50
testing CDD==2000
evaluate ot="CDD.deflection==2000" t="CDD==2000", ctx="{'CDD': 50.0}"
02:32:51 -- ******* Post Run Check Passed *******
02:32:51 -- Automated run a-01-J-5807 success duration: 779.194 s
----------------- finish -----------------
----------------- stop -----------------
retroactive repository identifiers disabled
finish run. runs completed=22
update duration runid=a-01-J-5807, duration=779.194437981, md5=c78a166a
write rem/ex queues
/Users/jan/PychronDev/experiments/rem/MachineCalibration.rem.txt
/Users/jan/PychronDev/experiments/rem/MachineCalibration.ex.txt
doing event level: 3
add run
